#
# A fatal error has been detected by the Java Runtime Environment:
#
#  EXCEPTION_ACCESS_VIOLATION (0xc0000005) at pc=0x00007ff8e8cc5473, pid=134792, tid=53956
#
# JRE version: Java(TM) SE Runtime Environment 18.9 (11.0.8+10) (build 11.0.8+10-LTS)
# Java VM: Java HotSpot(TM) 64-Bit Server VM 18.9 (11.0.8+10-LTS, mixed mode, tiered, g1 gc, windows-amd64)
# Problematic frame:
# C  0x00007ff8e8cc5473
#
# Core dump will be written. Default location: C:\Users\TGervais\Documents\GitHub\accessibilite\hs_err_pid134792.mdmp
#
# If you would like to submit a bug report, please visit:
#   https://bugreport.java.com/bugreport/crash.jsp
#

---------------  S U M M A R Y ------------

Command Line: -Dr.arch=/x64 -Xmx48G -Xrs -Xss2m 

Host: Intel(R) Xeon(R) D-2141I CPU @ 2.20GHz, 16 cores, 63G,  Windows Server 2019 , 64 bit Build 17763 (10.0.17763.475)
Time: Tue Nov 10 17:25:16 2020 Paris, Madrid elapsed time: 1396 seconds (0d 0h 23m 16s)

---------------  T H R E A D  ---------------

Current thread (0x0000029433cb3800):  JavaThread "ForkJoinPool-3898-worker-3" daemon [_thread_in_vm, id=53956, stack(0x000000d595e00000,0x000000d596000000)]

Stack: [0x000000d595e00000,0x000000d596000000],  sp=0x000000d595ffd0d0,  free space=2036k
Native frames: (J=compiled Java code, j=interpreted, Vv=VM code, C=native code)
C  0x00007ff8e8cc5473
C  0x00007ff8e8f61a12
C  0x00007ff8e8cc51de
