#
# There is insufficient memory for the Java Runtime Environment to continue.
# Native memory allocation (mmap) failed to map 1140850688 bytes for Failed to commit area from 0x0000026286800000 to 0x00000262ca800000 of length 1140850688.
# Possible reasons:
#   The system is out of physical RAM or swap space
# Possible solutions:
#   Reduce memory load on the system
#   Increase physical memory or swap space
#   Check if swap backing store is full
#   Decrease Java heap size (-Xmx/-Xms)
#   Decrease number of Java threads
#   Decrease Java thread stack sizes (-Xss)
#   Set larger code cache with -XX:ReservedCodeCacheSize=
# This output file may be truncated or incomplete.
#
#  Out of Memory Error (./open/src/hotspot/os/windows/os_windows.cpp:3275), pid=57584, tid=21444
#
# JRE version: Java(TM) SE Runtime Environment 18.9 (11.0.8+10) (build 11.0.8+10-LTS)
# Java VM: Java HotSpot(TM) 64-Bit Server VM 18.9 (11.0.8+10-LTS, mixed mode, tiered, g1 gc, windows-amd64)
# Core dump will be written. Default location: C:\Users\TGervais\Documents\GitHub\accessibilite\hs_err_pid57584.mdmp
#

---------------  S U M M A R Y ------------

Command Line: -Dr.arch=/x64 -Xmx48G -Xrs -Xss2m 

Host: Intel(R) Xeon(R) D-2141I CPU @ 2.20GHz, 16 cores, 63G,  Windows Server 2019 , 64 bit Build 17763 (10.0.17763.475)
Time: Mon Nov  9 18:46:35 2020 Paris, Madrid elapsed time: 652 seconds (0d 0h 10m 52s)

---------------  T H R E A D  ---------------

Current thread (0x00000261886cc000):  VMThread "VM Thread" [stack: 0x000000a6b4e00000,0x000000a6b5e00000] [id=21444]

Stack: [0x000000a6b4e00000,0x000000a6b5e00000]
[error occurred during error reporting (printing stack bounds), id 0xc0000005, EXCEPTION_ACCESS_VIOLATION (0xc0000005) at pc=0x00000261ad730da0]

Native frames: (J=compiled Java code, j=interpreted, Vv=VM code, C=native code)
C  0x00007ff900851aea
C  0x00007ff900987fef
C  0x00007ff900989675
C  0x00007ff900989c55
C  0x00007ff900989c0b
C  0x00007ff9008513d3
C  0x00007ff900851798
C  [ntdll.dll+0xa479f]
C  [ntdll.dll+0x4bef]
C  [ntdll.dll+0xa350e]
C  0x00000261ad730da0

VM_Operation (0x000000a69ddf6f60): G1CollectForAllocation, mode: safepoint, requested by thread 0x000002618cda1800


---------------  P R O C E S S  ---------------

Threads class SMR info:
_java_thread_list=0x000002618f19e7c0, length=10, elements={
0x000002618cda1800, 0x000002618c91f800, 0x000002618c922800, 0x000002618888f800,
0x0000026188890800, 0x0000026188899800, 0x000002618889a800, 0x000002618d18f000,
0x000002618d190000, 0x000002618d191000
}

Java Threads: ( => current thread )
  0x000002618cda1800 JavaThread "main" [_thread_blocked, id=54592, stack(0x000000a69ce00000,0x000000a69de00000)]
  0x000002618c91f800 JavaThread "Reference Handler" daemon [_thread_blocked, id=34192, stack(0x000000a6b5e00000,0x000000a6b6000000)]
  0x000002618c922800 JavaThread "Finalizer" daemon [_thread_blocked, id=55944, stack(0x000000a6b6000000,0x000000a6b6200000)]
  0x000002618888f800 JavaThread "Attach Listener" daemon [_thread_blocked, id=37176, stack(0x000000a6b6200000,0x000000a6b6400000)]
  0x0000026188890800 JavaThread "C2 CompilerThread0" daemon [_thread_blocked, id=35112, stack(0x000000a6b6400000,0x000000a6b7400000)]
  0x0000026188899800 JavaThread "C1 CompilerThread0" daemon [_thread_blocked, id=49972, stack(0x000000a6b7400000,0x000000a6b8400000)]
  0x000002618889a800 JavaThread "Sweeper thread" daemon [_thread_blocked, id=44464, stack(0x000000a6b8400000,0x000000a6b8600000)]
  0x000002618d18f000 JavaThread "Service Thread" daemon [_thread_blocked, id=31628, stack(0x000000a6b9600000,0x000000a6b9800000)]
  0x000002618d190000 JavaThread "Common-Cleaner" daemon [_thread_blocked, id=57820, stack(0x000000a6ba800000,0x000000a6baa00000)]
  0x000002618d191000 JavaThread "MapDB writer #1" daemon [_thread_blocked, id=4360, stack(0x000000a6a9e00000,0x000000a6aa000000)]

Other Threads:
=>0x00000261886cc000 VMThread "VM Thread" [stack: 0x000000a6b4e00000,0x000000a6b5e00000] [id=21444]
  0x000002618866c000 WatcherThread [stack: 0x000000a6b9800000,0x000000a6ba800000] [id=6976]
  0x000002618ca1a000 GCTaskThread "GC Thread#0" [stack: 0x000000a6afe00000,0x000000a6b0e00000] [id=152]
  0x000002618f579800 GCTaskThread "GC Thread#1" [stack: 0x000000a6bda00000,0x000000a6bea00000] [id=53664]
  0x000002618f277800 GCTaskThread "GC Thread#2" [stack: 0x000000a6bea00000,0x000000a6bfa00000] [id=59196]
  0x000002618f51e000 GCTaskThread "GC Thread#3" [stack: 0x000000a6bfa00000,0x000000a6c0a00000] [id=46984]
  0x000002618f550800 GCTaskThread "GC Thread#4" [stack: 0x000000a6c0a00000,0x000000a6c1a00000] [id=41584]
  0x000002618f31c800 GCTaskThread "GC Thread#5" [stack: 0x000000a6c1a00000,0x000000a6c2a00000] [id=34336]
  0x000002618f274800 GCTaskThread "GC Thread#6" [stack: 0x000000a6c2a00000,0x000000a6c3a00000] [id=26180]
  0x000002618f46a000 GCTaskThread "GC Thread#7" [stack: 0x000000a6c3a00000,0x000000a6c4a00000] [id=13296]
  0x000002618f6a0000 GCTaskThread "GC Thread#8" [stack: 0x000000a6c4a00000,0x000000a6c5a00000] [id=56892]
  0x000002618f341800 GCTaskThread "GC Thread#9" [stack: 0x000000a6c5a00000,0x000000a6c6a00000] [id=39432]
  0x000002618f252000 GCTaskThread "GC Thread#10" [stack: 0x000000a6c6a00000,0x000000a6c7a00000] [id=22596]
  0x000002618f253000 GCTaskThread "GC Thread#11" [stack: 0x000000a6c7a00000,0x000000a6c8a00000] [id=29512]
  0x000002618f3d9800 GCTaskThread "GC Thread#12" [stack: 0x000000a6c8a00000,0x000000a6c9a00000] [id=37724]
  0x000002618cf2a000 ConcurrentGCThread "G1 Main Marker" [stack: 0x000000a6b0e00000,0x000000a6b1e00000] [id=25216]
  0x000002618d091800 ConcurrentGCThread "G1 Conc#0" [stack: 0x000000a6b1e00000,0x000000a6b2e00000] [id=35820]
  0x0000026188711800 ConcurrentGCThread "G1 Refine#0" [stack: 0x000000a6b2e00000,0x000000a6b3e00000] [id=48932]
  0x0000026ed0961800 ConcurrentGCThread "G1 Refine#1" [stack: 0x000000a6aa000000,0x000000a6ab000000] [id=48700]
  0x0000026ecf92c800 ConcurrentGCThread "G1 Refine#2" [stack: 0x000000a6ab000000,0x000000a6ac000000] [id=6024]
  0x0000026188634000 ConcurrentGCThread "G1 Refine#3" [stack: 0x000000a6baa00000,0x000000a6bba00000] [id=50612]
  0x000002618d060000 ConcurrentGCThread "G1 Young RemSet Sampling" [stack: 0x000000a6b3e00000,0x000000a6b4e00000] [id=57932]

Threads with active compile tasks:

VM state:at safepoint (normal execution)

VM Mutex/Monitor currently owned by a thread:  ([mutex/lock_event])
[0x000002618cd9fdf0] Threads_lock - owner thread: 0x00000261886cc000
[0x000002618cd9f610] Heap_lock - owner thread: 0x000002618cda1800

Heap:
 garbage-first heap   total 4407296K, used 882561K [0x00000261bd800000, 0x0000026dbd800000)
  region size 8192K, 18 young (147456K), 18 survivors (147456K)
 Metaspace       used 18370K, capacity 18527K, committed 18688K, reserved 20480K
Heap Regions: E=young(eden), S=young(survivor), O=old, HS=humongous(starts), HC=humongous(continues), CS=collection set, F=free, A=archive, TAMS=top-at-mark-start (previous, next)
|   0|0x00000261bd800000, 0x00000261be000000, 0x00000261be000000|100%| O|  |TAMS 0x00000261bd800000, 0x00000261bd800000| Untracked 
|   1|0x00000261be000000, 0x00000261be800000, 0x00000261be800000|100%| O|  |TAMS 0x00000261be000000, 0x00000261be000000| Untracked 
|   2|0x00000261be800000, 0x00000261bf000000, 0x00000261bf000000|100%| O|  |TAMS 0x00000261be800000, 0x00000261be800000| Untracked 
|   3|0x00000261bf000000, 0x00000261bf800000, 0x00000261bf800000|100%| O|  |TAMS 0x00000261bf000000, 0x00000261bf000000| Untracked 
|   4|0x00000261bf800000, 0x00000261c0000000, 0x00000261c0000000|100%| O|  |TAMS 0x00000261bf800000, 0x00000261bf800000| Untracked 
|   5|0x00000261c0000000, 0x00000261c0800000, 0x00000261c0800000|100%| O|  |TAMS 0x00000261c0000000, 0x00000261c0000000| Untracked 
|   6|0x00000261c0800000, 0x00000261c1000000, 0x00000261c1000000|100%| O|  |TAMS 0x00000261c0800000, 0x00000261c0800000| Untracked 
|   7|0x00000261c1000000, 0x00000261c1800000, 0x00000261c1800000|100%| O|  |TAMS 0x00000261c1000000, 0x00000261c1000000| Untracked 
|   8|0x00000261c1800000, 0x00000261c2000000, 0x00000261c2000000|100%| O|  |TAMS 0x00000261c1800000, 0x00000261c1800000| Untracked 
|   9|0x00000261c2000000, 0x00000261c2800000, 0x00000261c2800000|100%| O|  |TAMS 0x00000261c2000000, 0x00000261c2000000| Untracked 
|  10|0x00000261c2800000, 0x00000261c3000000, 0x00000261c3000000|100%| O|  |TAMS 0x00000261c2800000, 0x00000261c2800000| Untracked 
|  11|0x00000261c3000000, 0x00000261c3800000, 0x00000261c3800000|100%| O|  |TAMS 0x00000261c3000000, 0x00000261c3000000| Untracked 
|  12|0x00000261c3800000, 0x00000261c4000000, 0x00000261c4000000|100%| O|  |TAMS 0x00000261c3800000, 0x00000261c3800000| Untracked 
|  13|0x00000261c4000000, 0x00000261c4800000, 0x00000261c4800000|100%| O|  |TAMS 0x00000261c4000000, 0x00000261c4000000| Untracked 
|  14|0x00000261c4800000, 0x00000261c5000000, 0x00000261c5000000|100%| O|  |TAMS 0x00000261c4800000, 0x00000261c4800000| Untracked 
|  15|0x00000261c5000000, 0x00000261c5800000, 0x00000261c5800000|100%| O|  |TAMS 0x00000261c5000000, 0x00000261c5000000| Untracked 
|  16|0x00000261c5800000, 0x00000261c6000000, 0x00000261c6000000|100%| O|  |TAMS 0x00000261c5800000, 0x00000261c5800000| Untracked 
|  17|0x00000261c6000000, 0x00000261c6800000, 0x00000261c6800000|100%| O|  |TAMS 0x00000261c6000000, 0x00000261c6000000| Untracked 
|  18|0x00000261c6800000, 0x00000261c7000000, 0x00000261c7000000|100%| O|  |TAMS 0x00000261c6800000, 0x00000261c6800000| Untracked 
|  19|0x00000261c7000000, 0x00000261c7800000, 0x00000261c7800000|100%| O|  |TAMS 0x00000261c7000000, 0x00000261c7000000| Untracked 
|  20|0x00000261c7800000, 0x00000261c8000000, 0x00000261c8000000|100%| O|  |TAMS 0x00000261c7800000, 0x00000261c7800000| Untracked 
|  21|0x00000261c8000000, 0x00000261c8800000, 0x00000261c8800000|100%| O|  |TAMS 0x00000261c8000000, 0x00000261c8000000| Untracked 
|  22|0x00000261c8800000, 0x00000261c9000000, 0x00000261c9000000|100%| O|  |TAMS 0x00000261c8800000, 0x00000261c8800000| Untracked 
|  23|0x00000261c9000000, 0x00000261c9800000, 0x00000261c9800000|100%| O|  |TAMS 0x00000261c9000000, 0x00000261c9000000| Untracked 
|  24|0x00000261c9800000, 0x00000261ca000000, 0x00000261ca000000|100%| O|  |TAMS 0x00000261c9800000, 0x00000261c9800000| Untracked 
|  25|0x00000261ca000000, 0x00000261ca800000, 0x00000261ca800000|100%| O|  |TAMS 0x00000261ca000000, 0x00000261ca000000| Untracked 
|  26|0x00000261ca800000, 0x00000261cb000000, 0x00000261cb000000|100%| O|  |TAMS 0x00000261ca800000, 0x00000261ca800000| Untracked 
|  27|0x00000261cb000000, 0x00000261cb800000, 0x00000261cb800000|100%| O|  |TAMS 0x00000261cb000000, 0x00000261cb000000| Untracked 
|  28|0x00000261cb800000, 0x00000261cc000000, 0x00000261cc000000|100%| O|  |TAMS 0x00000261cb800000, 0x00000261cb800000| Untracked 
|  29|0x00000261cc000000, 0x00000261cc800000, 0x00000261cc800000|100%| O|  |TAMS 0x00000261cc000000, 0x00000261cc000000| Untracked 
|  30|0x00000261cc800000, 0x00000261cd000000, 0x00000261cd000000|100%| O|  |TAMS 0x00000261cc800000, 0x00000261cc800000| Untracked 
|  31|0x00000261cd000000, 0x00000261cd800000, 0x00000261cd800000|100%| O|  |TAMS 0x00000261cd000000, 0x00000261cd000000| Untracked 
|  32|0x00000261cd800000, 0x00000261ce000000, 0x00000261ce000000|100%| O|  |TAMS 0x00000261cd800000, 0x00000261cd800000| Untracked 
|  33|0x00000261ce000000, 0x00000261ce800000, 0x00000261ce800000|100%| O|  |TAMS 0x00000261ce000000, 0x00000261ce000000| Untracked 
|  34|0x00000261ce800000, 0x00000261cf000000, 0x00000261cf000000|100%| O|  |TAMS 0x00000261ce800000, 0x00000261ce800000| Untracked 
|  35|0x00000261cf000000, 0x00000261cf800000, 0x00000261cf800000|100%| O|  |TAMS 0x00000261cf000000, 0x00000261cf000000| Untracked 
|  36|0x00000261cf800000, 0x00000261d0000000, 0x00000261d0000000|100%| O|  |TAMS 0x00000261cf800000, 0x00000261cf800000| Untracked 
|  37|0x00000261d0000000, 0x00000261d0800000, 0x00000261d0800000|100%| O|  |TAMS 0x00000261d0000000, 0x00000261d0000000| Untracked 
|  38|0x00000261d0800000, 0x00000261d1000000, 0x00000261d1000000|100%| O|  |TAMS 0x00000261d0800000, 0x00000261d0800000| Untracked 
|  39|0x00000261d1000000, 0x00000261d1800000, 0x00000261d1800000|100%| O|  |TAMS 0x00000261d1000000, 0x00000261d1000000| Untracked 
|  40|0x00000261d1800000, 0x00000261d2000000, 0x00000261d2000000|100%| O|  |TAMS 0x00000261d1800000, 0x00000261d1800000| Untracked 
|  41|0x00000261d2000000, 0x00000261d2800000, 0x00000261d2800000|100%| O|  |TAMS 0x00000261d2000000, 0x00000261d2000000| Untracked 
|  42|0x00000261d2800000, 0x00000261d3000000, 0x00000261d3000000|100%| O|  |TAMS 0x00000261d2800000, 0x00000261d2800000| Untracked 
|  43|0x00000261d3000000, 0x00000261d3800000, 0x00000261d3800000|100%| O|  |TAMS 0x00000261d3000000, 0x00000261d3000000| Untracked 
|  44|0x00000261d3800000, 0x00000261d4000000, 0x00000261d4000000|100%| O|  |TAMS 0x00000261d3800000, 0x00000261d3800000| Untracked 
|  45|0x00000261d4000000, 0x00000261d4800000, 0x00000261d4800000|100%| O|  |TAMS 0x00000261d4000000, 0x00000261d4000000| Untracked 
|  46|0x00000261d4800000, 0x00000261d5000000, 0x00000261d5000000|100%| O|  |TAMS 0x00000261d4800000, 0x00000261d4800000| Untracked 
|  47|0x00000261d5000000, 0x00000261d5800000, 0x00000261d5800000|100%| O|  |TAMS 0x00000261d5000000, 0x00000261d5000000| Untracked 
|  48|0x00000261d5800000, 0x00000261d6000000, 0x00000261d6000000|100%| O|  |TAMS 0x00000261d5800000, 0x00000261d5800000| Untracked 
|  49|0x00000261d6000000, 0x00000261d6800000, 0x00000261d6800000|100%| O|  |TAMS 0x00000261d6000000, 0x00000261d6000000| Untracked 
|  50|0x00000261d6800000, 0x00000261d7000000, 0x00000261d7000000|100%| O|  |TAMS 0x00000261d6800000, 0x00000261d6800000| Untracked 
|  51|0x00000261d7000000, 0x00000261d7800000, 0x00000261d7800000|100%| O|  |TAMS 0x00000261d7000000, 0x00000261d7000000| Untracked 
|  52|0x00000261d7800000, 0x00000261d8000000, 0x00000261d8000000|100%| O|  |TAMS 0x00000261d7800000, 0x00000261d7800000| Untracked 
|  53|0x00000261d8000000, 0x00000261d8800000, 0x00000261d8800000|100%| O|  |TAMS 0x00000261d8000000, 0x00000261d8000000| Untracked 
|  54|0x00000261d8800000, 0x00000261d9000000, 0x00000261d9000000|100%| O|  |TAMS 0x00000261d8800000, 0x00000261d8800000| Untracked 
|  55|0x00000261d9000000, 0x00000261d9800000, 0x00000261d9800000|100%| O|  |TAMS 0x00000261d9000000, 0x00000261d9000000| Untracked 
|  56|0x00000261d9800000, 0x00000261da000000, 0x00000261da000000|100%| O|  |TAMS 0x00000261d9800000, 0x00000261d9800000| Untracked 
|  57|0x00000261da000000, 0x00000261da800000, 0x00000261da800000|100%| O|  |TAMS 0x00000261da000000, 0x00000261da000000| Untracked 
|  58|0x00000261da800000, 0x00000261db000000, 0x00000261db000000|100%| O|  |TAMS 0x00000261da800000, 0x00000261da800000| Untracked 
|  59|0x00000261db000000, 0x00000261db800000, 0x00000261db800000|100%| O|  |TAMS 0x00000261db000000, 0x00000261db000000| Untracked 
|  60|0x00000261db800000, 0x00000261dc000000, 0x00000261dc000000|100%| O|  |TAMS 0x00000261db800000, 0x00000261db800000| Untracked 
|  61|0x00000261dc000000, 0x00000261dc800000, 0x00000261dc800000|100%| O|  |TAMS 0x00000261dc000000, 0x00000261dc000000| Untracked 
|  62|0x00000261dc800000, 0x00000261dd000000, 0x00000261dd000000|100%| O|  |TAMS 0x00000261dc800000, 0x00000261dc800000| Untracked 
|  63|0x00000261dd000000, 0x00000261dd800000, 0x00000261dd800000|100%| O|  |TAMS 0x00000261dd000000, 0x00000261dd000000| Untracked 
|  64|0x00000261dd800000, 0x00000261de000000, 0x00000261de000000|100%| O|  |TAMS 0x00000261dd800000, 0x00000261dd800000| Untracked 
|  65|0x00000261de000000, 0x00000261de800000, 0x00000261de800000|100%| O|  |TAMS 0x00000261de000000, 0x00000261de000000| Untracked 
|  66|0x00000261de800000, 0x00000261df000000, 0x00000261df000000|100%| O|  |TAMS 0x00000261de800000, 0x00000261de800000| Untracked 
|  67|0x00000261df000000, 0x00000261df800000, 0x00000261df800000|100%| O|  |TAMS 0x00000261df000000, 0x00000261df000000| Untracked 
|  68|0x00000261df800000, 0x00000261e0000000, 0x00000261e0000000|100%| O|  |TAMS 0x00000261df800000, 0x00000261df800000| Untracked 
|  69|0x00000261e0000000, 0x00000261e0800000, 0x00000261e0800000|100%| O|  |TAMS 0x00000261e0000000, 0x00000261e0000000| Untracked 
|  70|0x00000261e0800000, 0x00000261e1000000, 0x00000261e1000000|100%| O|  |TAMS 0x00000261e0800000, 0x00000261e0800000| Untracked 
|  71|0x00000261e1000000, 0x00000261e1800000, 0x00000261e1800000|100%| O|  |TAMS 0x00000261e1000000, 0x00000261e1000000| Untracked 
|  72|0x00000261e1800000, 0x00000261e2000000, 0x00000261e2000000|100%| O|  |TAMS 0x00000261e1800000, 0x00000261e1800000| Untracked 
|  73|0x00000261e2000000, 0x00000261e2800000, 0x00000261e2800000|100%| O|  |TAMS 0x00000261e2000000, 0x00000261e2000000| Untracked 
|  74|0x00000261e2800000, 0x00000261e3000000, 0x00000261e3000000|100%| O|  |TAMS 0x00000261e2800000, 0x00000261e2800000| Untracked 
|  75|0x00000261e3000000, 0x00000261e3800000, 0x00000261e3800000|100%| O|  |TAMS 0x00000261e3000000, 0x00000261e3000000| Untracked 
|  76|0x00000261e3800000, 0x00000261e4000000, 0x00000261e4000000|100%| O|  |TAMS 0x00000261e3800000, 0x00000261e3800000| Untracked 
|  77|0x00000261e4000000, 0x00000261e4800000, 0x00000261e4800000|100%| O|  |TAMS 0x00000261e4000000, 0x00000261e4000000| Untracked 
|  78|0x00000261e4800000, 0x00000261e5000000, 0x00000261e5000000|100%| O|  |TAMS 0x00000261e4800000, 0x00000261e4800000| Untracked 
|  79|0x00000261e5000000, 0x00000261e5800000, 0x00000261e5800000|100%| O|  |TAMS 0x00000261e5000000, 0x00000261e5000000| Untracked 
|  80|0x00000261e5800000, 0x00000261e6000000, 0x00000261e6000000|100%| O|  |TAMS 0x00000261e5800000, 0x00000261e5800000| Untracked 
|  81|0x00000261e6000000, 0x00000261e6800000, 0x00000261e6800000|100%| O|  |TAMS 0x00000261e6000000, 0x00000261e6000000| Untracked 
|  82|0x00000261e6800000, 0x00000261e7000000, 0x00000261e7000000|100%| O|  |TAMS 0x00000261e6800000, 0x00000261e6800000| Untracked 
|  83|0x00000261e7000000, 0x00000261e7800000, 0x00000261e7800000|100%| O|  |TAMS 0x00000261e7000000, 0x00000261e7000000| Untracked 
|  84|0x00000261e7800000, 0x00000261e8000000, 0x00000261e8000000|100%| O|  |TAMS 0x00000261e7800000, 0x00000261e7800000| Untracked 
|  85|0x00000261e8000000, 0x00000261e8800000, 0x00000261e8800000|100%| O|  |TAMS 0x00000261e8000000, 0x00000261e8000000| Untracked 
|  86|0x00000261e8800000, 0x00000261e9000000, 0x00000261e9000000|100%| O|  |TAMS 0x00000261e8800000, 0x00000261e8800000| Untracked 
|  87|0x00000261e9000000, 0x00000261e9800000, 0x00000261e9800000|100%| O|  |TAMS 0x00000261e9000000, 0x00000261e9000000| Untracked 
|  88|0x00000261e9800000, 0x00000261ea000000, 0x00000261ea000000|100%| O|  |TAMS 0x00000261e9800000, 0x00000261e9800000| Untracked 
|  89|0x00000261ea000000, 0x00000261ea780e00, 0x00000261ea800000| 93%| O|  |TAMS 0x00000261ea000000, 0x00000261ea000000| Untracked 
|  90|0x00000261ea800000, 0x00000261ea800000, 0x00000261eb000000|  0%| F|  |TAMS 0x00000261ea800000, 0x00000261ea800000| Untracked 
|  91|0x00000261eb000000, 0x00000261eb000000, 0x00000261eb800000|  0%| F|  |TAMS 0x00000261eb000000, 0x00000261eb000000| Untracked 
|  92|0x00000261eb800000, 0x00000261eb800000, 0x00000261ec000000|  0%| F|  |TAMS 0x00000261eb800000, 0x00000261eb800000| Untracked 
|  93|0x00000261ec000000, 0x00000261ec000000, 0x00000261ec800000|  0%| F|  |TAMS 0x00000261ec000000, 0x00000261ec000000| Untracked 
|  94|0x00000261ec800000, 0x00000261ec800000, 0x00000261ed000000|  0%| F|  |TAMS 0x00000261ec800000, 0x00000261ec800000| Untracked 
|  95|0x00000261ed000000, 0x00000261ed000000, 0x00000261ed800000|  0%| F|  |TAMS 0x00000261ed000000, 0x00000261ed000000| Untracked 
|  96|0x00000261ed800000, 0x00000261ed800000, 0x00000261ee000000|  0%| F|  |TAMS 0x00000261ed800000, 0x00000261ed800000| Untracked 
|  97|0x00000261ee000000, 0x00000261ee000000, 0x00000261ee800000|  0%| F|  |TAMS 0x00000261ee000000, 0x00000261ee000000| Untracked 
|  98|0x00000261ee800000, 0x00000261ee800000, 0x00000261ef000000|  0%| F|  |TAMS 0x00000261ee800000, 0x00000261ee800000| Untracked 
|  99|0x00000261ef000000, 0x00000261ef000000, 0x00000261ef800000|  0%| F|  |TAMS 0x00000261ef000000, 0x00000261ef000000| Untracked 
| 100|0x00000261ef800000, 0x00000261ef800000, 0x00000261f0000000|  0%| F|  |TAMS 0x00000261ef800000, 0x00000261ef800000| Untracked 
| 101|0x00000261f0000000, 0x00000261f0000000, 0x00000261f0800000|  0%| F|  |TAMS 0x00000261f0000000, 0x00000261f0000000| Untracked 
| 102|0x00000261f0800000, 0x00000261f0800000, 0x00000261f1000000|  0%| F|  |TAMS 0x00000261f0800000, 0x00000261f0800000| Untracked 
| 103|0x00000261f1000000, 0x00000261f1000000, 0x00000261f1800000|  0%| F|  |TAMS 0x00000261f1000000, 0x00000261f1000000| Untracked 
| 104|0x00000261f1800000, 0x00000261f1800000, 0x00000261f2000000|  0%| F|  |TAMS 0x00000261f1800000, 0x00000261f1800000| Untracked 
| 105|0x00000261f2000000, 0x00000261f2000000, 0x00000261f2800000|  0%| F|  |TAMS 0x00000261f2000000, 0x00000261f2000000| Untracked 
| 106|0x00000261f2800000, 0x00000261f2800000, 0x00000261f3000000|  0%| F|  |TAMS 0x00000261f2800000, 0x00000261f2800000| Untracked 
| 107|0x00000261f3000000, 0x00000261f3000000, 0x00000261f3800000|  0%| F|  |TAMS 0x00000261f3000000, 0x00000261f3000000| Untracked 
| 108|0x00000261f3800000, 0x00000261f3800000, 0x00000261f4000000|  0%| F|  |TAMS 0x00000261f3800000, 0x00000261f3800000| Untracked 
| 109|0x00000261f4000000, 0x00000261f4000000, 0x00000261f4800000|  0%| F|  |TAMS 0x00000261f4000000, 0x00000261f4000000| Untracked 
| 110|0x00000261f4800000, 0x00000261f4800000, 0x00000261f5000000|  0%| F|  |TAMS 0x00000261f4800000, 0x00000261f4800000| Untracked 
| 111|0x00000261f5000000, 0x00000261f5000000, 0x00000261f5800000|  0%| F|  |TAMS 0x00000261f5000000, 0x00000261f5000000| Untracked 
| 112|0x00000261f5800000, 0x00000261f5800000, 0x00000261f6000000|  0%| F|  |TAMS 0x00000261f5800000, 0x00000261f5800000| Untracked 
| 113|0x00000261f6000000, 0x00000261f6000000, 0x00000261f6800000|  0%| F|  |TAMS 0x00000261f6000000, 0x00000261f6000000| Untracked 
| 114|0x00000261f6800000, 0x00000261f6800000, 0x00000261f7000000|  0%| F|  |TAMS 0x00000261f6800000, 0x00000261f6800000| Untracked 
| 115|0x00000261f7000000, 0x00000261f7000000, 0x00000261f7800000|  0%| F|  |TAMS 0x00000261f7000000, 0x00000261f7000000| Untracked 
| 116|0x00000261f7800000, 0x00000261f7800000, 0x00000261f8000000|  0%| F|  |TAMS 0x00000261f7800000, 0x00000261f7800000| Untracked 
| 117|0x00000261f8000000, 0x00000261f8000000, 0x00000261f8800000|  0%| F|  |TAMS 0x00000261f8000000, 0x00000261f8000000| Untracked 
| 118|0x00000261f8800000, 0x00000261f8800000, 0x00000261f9000000|  0%| F|  |TAMS 0x00000261f8800000, 0x00000261f8800000| Untracked 
| 119|0x00000261f9000000, 0x00000261f9000000, 0x00000261f9800000|  0%| F|  |TAMS 0x00000261f9000000, 0x00000261f9000000| Untracked 
| 120|0x00000261f9800000, 0x00000261f9800000, 0x00000261fa000000|  0%| F|  |TAMS 0x00000261f9800000, 0x00000261f9800000| Untracked 
| 121|0x00000261fa000000, 0x00000261fa000000, 0x00000261fa800000|  0%| F|  |TAMS 0x00000261fa000000, 0x00000261fa000000| Untracked 
| 122|0x00000261fa800000, 0x00000261fa800000, 0x00000261fb000000|  0%| F|  |TAMS 0x00000261fa800000, 0x00000261fa800000| Untracked 
| 123|0x00000261fb000000, 0x00000261fb000000, 0x00000261fb800000|  0%| F|  |TAMS 0x00000261fb000000, 0x00000261fb000000| Untracked 
| 124|0x00000261fb800000, 0x00000261fb800000, 0x00000261fc000000|  0%| F|  |TAMS 0x00000261fb800000, 0x00000261fb800000| Untracked 
| 125|0x00000261fc000000, 0x00000261fc000000, 0x00000261fc800000|  0%| F|  |TAMS 0x00000261fc000000, 0x00000261fc000000| Untracked 
| 126|0x00000261fc800000, 0x00000261fc800000, 0x00000261fd000000|  0%| F|  |TAMS 0x00000261fc800000, 0x00000261fc800000| Untracked 
| 127|0x00000261fd000000, 0x00000261fd000000, 0x00000261fd800000|  0%| F|  |TAMS 0x00000261fd000000, 0x00000261fd000000| Untracked 
| 128|0x00000261fd800000, 0x00000261fd800000, 0x00000261fe000000|  0%| F|  |TAMS 0x00000261fd800000, 0x00000261fd800000| Untracked 
| 129|0x00000261fe000000, 0x00000261fe000000, 0x00000261fe800000|  0%| F|  |TAMS 0x00000261fe000000, 0x00000261fe000000| Untracked 
| 130|0x00000261fe800000, 0x00000261fe800000, 0x00000261ff000000|  0%| F|  |TAMS 0x00000261fe800000, 0x00000261fe800000| Untracked 
| 131|0x00000261ff000000, 0x00000261ff000000, 0x00000261ff800000|  0%| F|  |TAMS 0x00000261ff000000, 0x00000261ff000000| Untracked 
| 132|0x00000261ff800000, 0x00000261ff800000, 0x0000026200000000|  0%| F|  |TAMS 0x00000261ff800000, 0x00000261ff800000| Untracked 
| 133|0x0000026200000000, 0x0000026200000000, 0x0000026200800000|  0%| F|  |TAMS 0x0000026200000000, 0x0000026200000000| Untracked 
| 134|0x0000026200800000, 0x0000026200800000, 0x0000026201000000|  0%| F|  |TAMS 0x0000026200800000, 0x0000026200800000| Untracked 
| 135|0x0000026201000000, 0x0000026201000000, 0x0000026201800000|  0%| F|  |TAMS 0x0000026201000000, 0x0000026201000000| Untracked 
| 136|0x0000026201800000, 0x0000026201800000, 0x0000026202000000|  0%| F|  |TAMS 0x0000026201800000, 0x0000026201800000| Untracked 
| 137|0x0000026202000000, 0x0000026202000000, 0x0000026202800000|  0%| F|  |TAMS 0x0000026202000000, 0x0000026202000000| Untracked 
| 138|0x0000026202800000, 0x0000026202800000, 0x0000026203000000|  0%| F|  |TAMS 0x0000026202800000, 0x0000026202800000| Untracked 
| 139|0x0000026203000000, 0x0000026203000000, 0x0000026203800000|  0%| F|  |TAMS 0x0000026203000000, 0x0000026203000000| Untracked 
| 140|0x0000026203800000, 0x0000026203800000, 0x0000026204000000|  0%| F|  |TAMS 0x0000026203800000, 0x0000026203800000| Untracked 
| 141|0x0000026204000000, 0x0000026204000000, 0x0000026204800000|  0%| F|  |TAMS 0x0000026204000000, 0x0000026204000000| Untracked 
| 142|0x0000026204800000, 0x0000026204800000, 0x0000026205000000|  0%| F|  |TAMS 0x0000026204800000, 0x0000026204800000| Untracked 
| 143|0x0000026205000000, 0x000002620565f880, 0x0000026205800000| 79%| S|CS|TAMS 0x0000026205000000, 0x0000026205000000| Complete 
| 144|0x0000026205800000, 0x0000026206000000, 0x0000026206000000|100%| S|CS|TAMS 0x0000026205800000, 0x0000026205800000| Complete 
| 145|0x0000026206000000, 0x0000026206800000, 0x0000026206800000|100%| S|CS|TAMS 0x0000026206000000, 0x0000026206000000| Complete 
| 146|0x0000026206800000, 0x0000026207000000, 0x0000026207000000|100%| S|CS|TAMS 0x0000026206800000, 0x0000026206800000| Complete 
| 147|0x0000026207000000, 0x0000026207800000, 0x0000026207800000|100%| S|CS|TAMS 0x0000026207000000, 0x0000026207000000| Complete 
| 148|0x0000026207800000, 0x0000026208000000, 0x0000026208000000|100%| S|CS|TAMS 0x0000026207800000, 0x0000026207800000| Complete 
| 149|0x0000026208000000, 0x0000026208800000, 0x0000026208800000|100%| S|CS|TAMS 0x0000026208000000, 0x0000026208000000| Complete 
| 150|0x0000026208800000, 0x0000026209000000, 0x0000026209000000|100%| S|CS|TAMS 0x0000026208800000, 0x0000026208800000| Complete 
| 151|0x0000026209000000, 0x0000026209800000, 0x0000026209800000|100%| S|CS|TAMS 0x0000026209000000, 0x0000026209000000| Complete 
| 152|0x0000026209800000, 0x000002620a000000, 0x000002620a000000|100%| S|CS|TAMS 0x0000026209800000, 0x0000026209800000| Complete 
| 153|0x000002620a000000, 0x000002620a800000, 0x000002620a800000|100%| S|CS|TAMS 0x000002620a000000, 0x000002620a000000| Complete 
| 154|0x000002620a800000, 0x000002620b000000, 0x000002620b000000|100%| S|CS|TAMS 0x000002620a800000, 0x000002620a800000| Complete 
| 155|0x000002620b000000, 0x000002620b800000, 0x000002620b800000|100%| S|CS|TAMS 0x000002620b000000, 0x000002620b000000| Complete 
| 156|0x000002620b800000, 0x000002620c000000, 0x000002620c000000|100%| S|CS|TAMS 0x000002620b800000, 0x000002620b800000| Complete 
| 157|0x000002620c000000, 0x000002620c800000, 0x000002620c800000|100%| S|CS|TAMS 0x000002620c000000, 0x000002620c000000| Complete 
| 158|0x000002620c800000, 0x000002620d000000, 0x000002620d000000|100%| S|CS|TAMS 0x000002620c800000, 0x000002620c800000| Complete 
| 159|0x000002620d000000, 0x000002620d000000, 0x000002620d800000|  0%| F|  |TAMS 0x000002620d000000, 0x000002620d000000| Untracked 
| 160|0x000002620d800000, 0x000002620d800000, 0x000002620e000000|  0%| F|  |TAMS 0x000002620d800000, 0x000002620d800000| Untracked 
| 161|0x000002620e000000, 0x000002620e000000, 0x000002620e800000|  0%| F|  |TAMS 0x000002620e000000, 0x000002620e000000| Untracked 
| 162|0x000002620e800000, 0x000002620e800000, 0x000002620f000000|  0%| F|  |TAMS 0x000002620e800000, 0x000002620e800000| Untracked 
| 163|0x000002620f000000, 0x000002620f000000, 0x000002620f800000|  0%| F|  |TAMS 0x000002620f000000, 0x000002620f000000| Untracked 
| 164|0x000002620f800000, 0x000002620f800000, 0x0000026210000000|  0%| F|  |TAMS 0x000002620f800000, 0x000002620f800000| Untracked 
| 165|0x0000026210000000, 0x0000026210000000, 0x0000026210800000|  0%| F|  |TAMS 0x0000026210000000, 0x0000026210000000| Untracked 
| 166|0x0000026210800000, 0x0000026210800000, 0x0000026211000000|  0%| F|  |TAMS 0x0000026210800000, 0x0000026210800000| Untracked 
| 167|0x0000026211000000, 0x0000026211000000, 0x0000026211800000|  0%| F|  |TAMS 0x0000026211000000, 0x0000026211000000| Untracked 
| 168|0x0000026211800000, 0x0000026211800000, 0x0000026212000000|  0%| F|  |TAMS 0x0000026211800000, 0x0000026211800000| Untracked 
| 169|0x0000026212000000, 0x0000026212000000, 0x0000026212800000|  0%| F|  |TAMS 0x0000026212000000, 0x0000026212000000| Untracked 
| 170|0x0000026212800000, 0x0000026212800000, 0x0000026213000000|  0%| F|  |TAMS 0x0000026212800000, 0x0000026212800000| Untracked 
| 171|0x0000026213000000, 0x0000026213000000, 0x0000026213800000|  0%| F|  |TAMS 0x0000026213000000, 0x0000026213000000| Untracked 
| 172|0x0000026213800000, 0x0000026213800000, 0x0000026214000000|  0%| F|  |TAMS 0x0000026213800000, 0x0000026213800000| Untracked 
| 173|0x0000026214000000, 0x0000026214000000, 0x0000026214800000|  0%| F|  |TAMS 0x0000026214000000, 0x0000026214000000| Untracked 
| 174|0x0000026214800000, 0x0000026214800000, 0x0000026215000000|  0%| F|  |TAMS 0x0000026214800000, 0x0000026214800000| Untracked 
| 175|0x0000026215000000, 0x0000026215800000, 0x0000026215800000|100%| S|CS|TAMS 0x0000026215000000, 0x0000026215000000| Complete 
| 176|0x0000026215800000, 0x0000026216000000, 0x0000026216000000|100%| S|CS|TAMS 0x0000026215800000, 0x0000026215800000| Complete 
| 177|0x0000026216000000, 0x0000026216000000, 0x0000026216800000|  0%| F|  |TAMS 0x0000026216000000, 0x0000026216000000| Untracked 
| 178|0x0000026216800000, 0x0000026216800000, 0x0000026217000000|  0%| F|  |TAMS 0x0000026216800000, 0x0000026216800000| Untracked 
| 179|0x0000026217000000, 0x0000026217000000, 0x0000026217800000|  0%| F|  |TAMS 0x0000026217000000, 0x0000026217000000| Untracked 
| 180|0x0000026217800000, 0x0000026217800000, 0x0000026218000000|  0%| F|  |TAMS 0x0000026217800000, 0x0000026217800000| Untracked 
| 181|0x0000026218000000, 0x0000026218000000, 0x0000026218800000|  0%| F|  |TAMS 0x0000026218000000, 0x0000026218000000| Untracked 
| 182|0x0000026218800000, 0x0000026218800000, 0x0000026219000000|  0%| F|  |TAMS 0x0000026218800000, 0x0000026218800000| Untracked 
| 183|0x0000026219000000, 0x0000026219000000, 0x0000026219800000|  0%| F|  |TAMS 0x0000026219000000, 0x0000026219000000| Untracked 
| 184|0x0000026219800000, 0x0000026219800000, 0x000002621a000000|  0%| F|  |TAMS 0x0000026219800000, 0x0000026219800000| Untracked 
| 185|0x000002621a000000, 0x000002621a000000, 0x000002621a800000|  0%| F|  |TAMS 0x000002621a000000, 0x000002621a000000| Untracked 
| 186|0x000002621a800000, 0x000002621a800000, 0x000002621b000000|  0%| F|  |TAMS 0x000002621a800000, 0x000002621a800000| Untracked 
| 187|0x000002621b000000, 0x000002621b000000, 0x000002621b800000|  0%| F|  |TAMS 0x000002621b000000, 0x000002621b000000| Untracked 
| 188|0x000002621b800000, 0x000002621b800000, 0x000002621c000000|  0%| F|  |TAMS 0x000002621b800000, 0x000002621b800000| Untracked 
| 189|0x000002621c000000, 0x000002621c000000, 0x000002621c800000|  0%| F|  |TAMS 0x000002621c000000, 0x000002621c000000| Untracked 
| 190|0x000002621c800000, 0x000002621c800000, 0x000002621d000000|  0%| F|  |TAMS 0x000002621c800000, 0x000002621c800000| Untracked 
| 191|0x000002621d000000, 0x000002621d000000, 0x000002621d800000|  0%| F|  |TAMS 0x000002621d000000, 0x000002621d000000| Untracked 
| 192|0x000002621d800000, 0x000002621d800000, 0x000002621e000000|  0%| F|  |TAMS 0x000002621d800000, 0x000002621d800000| Untracked 
| 193|0x000002621e000000, 0x000002621e000000, 0x000002621e800000|  0%| F|  |TAMS 0x000002621e000000, 0x000002621e000000| Untracked 
| 194|0x000002621e800000, 0x000002621e800000, 0x000002621f000000|  0%| F|  |TAMS 0x000002621e800000, 0x000002621e800000| Untracked 
| 195|0x000002621f000000, 0x000002621f000000, 0x000002621f800000|  0%| F|  |TAMS 0x000002621f000000, 0x000002621f000000| Untracked 
| 196|0x000002621f800000, 0x000002621f800000, 0x0000026220000000|  0%| F|  |TAMS 0x000002621f800000, 0x000002621f800000| Untracked 
| 197|0x0000026220000000, 0x0000026220000000, 0x0000026220800000|  0%| F|  |TAMS 0x0000026220000000, 0x0000026220000000| Untracked 
| 198|0x0000026220800000, 0x0000026220800000, 0x0000026221000000|  0%| F|  |TAMS 0x0000026220800000, 0x0000026220800000| Untracked 
| 199|0x0000026221000000, 0x0000026221000000, 0x0000026221800000|  0%| F|  |TAMS 0x0000026221000000, 0x0000026221000000| Untracked 
| 200|0x0000026221800000, 0x0000026221800000, 0x0000026222000000|  0%| F|  |TAMS 0x0000026221800000, 0x0000026221800000| Untracked 
| 201|0x0000026222000000, 0x0000026222000000, 0x0000026222800000|  0%| F|  |TAMS 0x0000026222000000, 0x0000026222000000| Untracked 
| 202|0x0000026222800000, 0x0000026222800000, 0x0000026223000000|  0%| F|  |TAMS 0x0000026222800000, 0x0000026222800000| Untracked 
| 203|0x0000026223000000, 0x0000026223000000, 0x0000026223800000|  0%| F|  |TAMS 0x0000026223000000, 0x0000026223000000| Untracked 
| 204|0x0000026223800000, 0x0000026223800000, 0x0000026224000000|  0%| F|  |TAMS 0x0000026223800000, 0x0000026223800000| Untracked 
| 205|0x0000026224000000, 0x0000026224000000, 0x0000026224800000|  0%| F|  |TAMS 0x0000026224000000, 0x0000026224000000| Untracked 
| 206|0x0000026224800000, 0x0000026224800000, 0x0000026225000000|  0%| F|  |TAMS 0x0000026224800000, 0x0000026224800000| Untracked 
| 207|0x0000026225000000, 0x0000026225000000, 0x0000026225800000|  0%| F|  |TAMS 0x0000026225000000, 0x0000026225000000| Untracked 
| 208|0x0000026225800000, 0x0000026225800000, 0x0000026226000000|  0%| F|  |TAMS 0x0000026225800000, 0x0000026225800000| Untracked 
| 209|0x0000026226000000, 0x0000026226000000, 0x0000026226800000|  0%| F|  |TAMS 0x0000026226000000, 0x0000026226000000| Untracked 
| 210|0x0000026226800000, 0x0000026226800000, 0x0000026227000000|  0%| F|  |TAMS 0x0000026226800000, 0x0000026226800000| Untracked 
| 211|0x0000026227000000, 0x0000026227000000, 0x0000026227800000|  0%| F|  |TAMS 0x0000026227000000, 0x0000026227000000| Untracked 
| 212|0x0000026227800000, 0x0000026227800000, 0x0000026228000000|  0%| F|  |TAMS 0x0000026227800000, 0x0000026227800000| Untracked 
| 213|0x0000026228000000, 0x0000026228000000, 0x0000026228800000|  0%| F|  |TAMS 0x0000026228000000, 0x0000026228000000| Untracked 
| 214|0x0000026228800000, 0x0000026228800000, 0x0000026229000000|  0%| F|  |TAMS 0x0000026228800000, 0x0000026228800000| Untracked 
| 215|0x0000026229000000, 0x0000026229000000, 0x0000026229800000|  0%| F|  |TAMS 0x0000026229000000, 0x0000026229000000| Untracked 
| 216|0x0000026229800000, 0x0000026229800000, 0x000002622a000000|  0%| F|  |TAMS 0x0000026229800000, 0x0000026229800000| Untracked 
| 217|0x000002622a000000, 0x000002622a000000, 0x000002622a800000|  0%| F|  |TAMS 0x000002622a000000, 0x000002622a000000| Untracked 
| 218|0x000002622a800000, 0x000002622a800000, 0x000002622b000000|  0%| F|  |TAMS 0x000002622a800000, 0x000002622a800000| Untracked 
| 219|0x000002622b000000, 0x000002622b000000, 0x000002622b800000|  0%| F|  |TAMS 0x000002622b000000, 0x000002622b000000| Untracked 
| 220|0x000002622b800000, 0x000002622b800000, 0x000002622c000000|  0%| F|  |TAMS 0x000002622b800000, 0x000002622b800000| Untracked 
| 221|0x000002622c000000, 0x000002622c000000, 0x000002622c800000|  0%| F|  |TAMS 0x000002622c000000, 0x000002622c000000| Untracked 
| 222|0x000002622c800000, 0x000002622c800000, 0x000002622d000000|  0%| F|  |TAMS 0x000002622c800000, 0x000002622c800000| Untracked 
| 223|0x000002622d000000, 0x000002622d000000, 0x000002622d800000|  0%| F|  |TAMS 0x000002622d000000, 0x000002622d000000| Untracked 
| 224|0x000002622d800000, 0x000002622d800000, 0x000002622e000000|  0%| F|  |TAMS 0x000002622d800000, 0x000002622d800000| Untracked 
| 225|0x000002622e000000, 0x000002622e000000, 0x000002622e800000|  0%| F|  |TAMS 0x000002622e000000, 0x000002622e000000| Untracked 
| 226|0x000002622e800000, 0x000002622e800000, 0x000002622f000000|  0%| F|  |TAMS 0x000002622e800000, 0x000002622e800000| Untracked 
| 227|0x000002622f000000, 0x000002622f000000, 0x000002622f800000|  0%| F|  |TAMS 0x000002622f000000, 0x000002622f000000| Untracked 
| 228|0x000002622f800000, 0x000002622f800000, 0x0000026230000000|  0%| F|  |TAMS 0x000002622f800000, 0x000002622f800000| Untracked 
| 229|0x0000026230000000, 0x0000026230000000, 0x0000026230800000|  0%| F|  |TAMS 0x0000026230000000, 0x0000026230000000| Untracked 
| 230|0x0000026230800000, 0x0000026230800000, 0x0000026231000000|  0%| F|  |TAMS 0x0000026230800000, 0x0000026230800000| Untracked 
| 231|0x0000026231000000, 0x0000026231000000, 0x0000026231800000|  0%| F|  |TAMS 0x0000026231000000, 0x0000026231000000| Untracked 
| 232|0x0000026231800000, 0x0000026231800000, 0x0000026232000000|  0%| F|  |TAMS 0x0000026231800000, 0x0000026231800000| Untracked 
| 233|0x0000026232000000, 0x0000026232000000, 0x0000026232800000|  0%| F|  |TAMS 0x0000026232000000, 0x0000026232000000| Untracked 
| 234|0x0000026232800000, 0x0000026232800000, 0x0000026233000000|  0%| F|  |TAMS 0x0000026232800000, 0x0000026232800000| Untracked 
| 235|0x0000026233000000, 0x0000026233000000, 0x0000026233800000|  0%| F|  |TAMS 0x0000026233000000, 0x0000026233000000| Untracked 
| 236|0x0000026233800000, 0x0000026233800000, 0x0000026234000000|  0%| F|  |TAMS 0x0000026233800000, 0x0000026233800000| Untracked 
| 237|0x0000026234000000, 0x0000026234000000, 0x0000026234800000|  0%| F|  |TAMS 0x0000026234000000, 0x0000026234000000| Untracked 
| 238|0x0000026234800000, 0x0000026234800000, 0x0000026235000000|  0%| F|  |TAMS 0x0000026234800000, 0x0000026234800000| Untracked 
| 239|0x0000026235000000, 0x0000026235000000, 0x0000026235800000|  0%| F|  |TAMS 0x0000026235000000, 0x0000026235000000| Untracked 
| 240|0x0000026235800000, 0x0000026235800000, 0x0000026236000000|  0%| F|  |TAMS 0x0000026235800000, 0x0000026235800000| Untracked 
| 241|0x0000026236000000, 0x0000026236000000, 0x0000026236800000|  0%| F|  |TAMS 0x0000026236000000, 0x0000026236000000| Untracked 
| 242|0x0000026236800000, 0x0000026236800000, 0x0000026237000000|  0%| F|  |TAMS 0x0000026236800000, 0x0000026236800000| Untracked 
| 243|0x0000026237000000, 0x0000026237000000, 0x0000026237800000|  0%| F|  |TAMS 0x0000026237000000, 0x0000026237000000| Untracked 
| 244|0x0000026237800000, 0x0000026237800000, 0x0000026238000000|  0%| F|  |TAMS 0x0000026237800000, 0x0000026237800000| Untracked 
| 245|0x0000026238000000, 0x0000026238000000, 0x0000026238800000|  0%| F|  |TAMS 0x0000026238000000, 0x0000026238000000| Untracked 
| 246|0x0000026238800000, 0x0000026238800000, 0x0000026239000000|  0%| F|  |TAMS 0x0000026238800000, 0x0000026238800000| Untracked 
| 247|0x0000026239000000, 0x0000026239000000, 0x0000026239800000|  0%| F|  |TAMS 0x0000026239000000, 0x0000026239000000| Untracked 
| 248|0x0000026239800000, 0x0000026239800000, 0x000002623a000000|  0%| F|  |TAMS 0x0000026239800000, 0x0000026239800000| Untracked 
| 249|0x000002623a000000, 0x000002623a000000, 0x000002623a800000|  0%| F|  |TAMS 0x000002623a000000, 0x000002623a000000| Untracked 
| 250|0x000002623a800000, 0x000002623a800000, 0x000002623b000000|  0%| F|  |TAMS 0x000002623a800000, 0x000002623a800000| Untracked 
| 251|0x000002623b000000, 0x000002623b000000, 0x000002623b800000|  0%| F|  |TAMS 0x000002623b000000, 0x000002623b000000| Untracked 
| 252|0x000002623b800000, 0x000002623b800000, 0x000002623c000000|  0%| F|  |TAMS 0x000002623b800000, 0x000002623b800000| Untracked 
| 253|0x000002623c000000, 0x000002623c000000, 0x000002623c800000|  0%| F|  |TAMS 0x000002623c000000, 0x000002623c000000| Untracked 
| 254|0x000002623c800000, 0x000002623c800000, 0x000002623d000000|  0%| F|  |TAMS 0x000002623c800000, 0x000002623c800000| Untracked 
| 255|0x000002623d000000, 0x000002623d000000, 0x000002623d800000|  0%| F|  |TAMS 0x000002623d000000, 0x000002623d000000| Untracked 
| 256|0x000002623d800000, 0x000002623d800000, 0x000002623e000000|  0%| F|  |TAMS 0x000002623d800000, 0x000002623d800000| Untracked 
| 257|0x000002623e000000, 0x000002623e000000, 0x000002623e800000|  0%| F|  |TAMS 0x000002623e000000, 0x000002623e000000| Untracked 
| 258|0x000002623e800000, 0x000002623e800000, 0x000002623f000000|  0%| F|  |TAMS 0x000002623e800000, 0x000002623e800000| Untracked 
| 259|0x000002623f000000, 0x000002623f000000, 0x000002623f800000|  0%| F|  |TAMS 0x000002623f000000, 0x000002623f000000| Untracked 
| 260|0x000002623f800000, 0x000002623f800000, 0x0000026240000000|  0%| F|  |TAMS 0x000002623f800000, 0x000002623f800000| Untracked 
| 261|0x0000026240000000, 0x0000026240000000, 0x0000026240800000|  0%| F|  |TAMS 0x0000026240000000, 0x0000026240000000| Untracked 
| 262|0x0000026240800000, 0x0000026240800000, 0x0000026241000000|  0%| F|  |TAMS 0x0000026240800000, 0x0000026240800000| Untracked 
| 263|0x0000026241000000, 0x0000026241000000, 0x0000026241800000|  0%| F|  |TAMS 0x0000026241000000, 0x0000026241000000| Untracked 
| 264|0x0000026241800000, 0x0000026241800000, 0x0000026242000000|  0%| F|  |TAMS 0x0000026241800000, 0x0000026241800000| Untracked 
| 265|0x0000026242000000, 0x0000026242000000, 0x0000026242800000|  0%| F|  |TAMS 0x0000026242000000, 0x0000026242000000| Untracked 
| 266|0x0000026242800000, 0x0000026242800000, 0x0000026243000000|  0%| F|  |TAMS 0x0000026242800000, 0x0000026242800000| Untracked 
| 267|0x0000026243000000, 0x0000026243000000, 0x0000026243800000|  0%| F|  |TAMS 0x0000026243000000, 0x0000026243000000| Untracked 
| 268|0x0000026243800000, 0x0000026243800000, 0x0000026244000000|  0%| F|  |TAMS 0x0000026243800000, 0x0000026243800000| Untracked 
| 269|0x0000026244000000, 0x0000026244000000, 0x0000026244800000|  0%| F|  |TAMS 0x0000026244000000, 0x0000026244000000| Untracked 
| 270|0x0000026244800000, 0x0000026244800000, 0x0000026245000000|  0%| F|  |TAMS 0x0000026244800000, 0x0000026244800000| Untracked 
| 271|0x0000026245000000, 0x0000026245000000, 0x0000026245800000|  0%| F|  |TAMS 0x0000026245000000, 0x0000026245000000| Untracked 
| 272|0x0000026245800000, 0x0000026245800000, 0x0000026246000000|  0%| F|  |TAMS 0x0000026245800000, 0x0000026245800000| Untracked 
| 273|0x0000026246000000, 0x0000026246000000, 0x0000026246800000|  0%| F|  |TAMS 0x0000026246000000, 0x0000026246000000| Untracked 
| 274|0x0000026246800000, 0x0000026246800000, 0x0000026247000000|  0%| F|  |TAMS 0x0000026246800000, 0x0000026246800000| Untracked 
| 275|0x0000026247000000, 0x0000026247000000, 0x0000026247800000|  0%| F|  |TAMS 0x0000026247000000, 0x0000026247000000| Untracked 
| 276|0x0000026247800000, 0x0000026247800000, 0x0000026248000000|  0%| F|  |TAMS 0x0000026247800000, 0x0000026247800000| Untracked 
| 277|0x0000026248000000, 0x0000026248000000, 0x0000026248800000|  0%| F|  |TAMS 0x0000026248000000, 0x0000026248000000| Untracked 
| 278|0x0000026248800000, 0x0000026248800000, 0x0000026249000000|  0%| F|  |TAMS 0x0000026248800000, 0x0000026248800000| Untracked 
| 279|0x0000026249000000, 0x0000026249000000, 0x0000026249800000|  0%| F|  |TAMS 0x0000026249000000, 0x0000026249000000| Untracked 
| 280|0x0000026249800000, 0x0000026249800000, 0x000002624a000000|  0%| F|  |TAMS 0x0000026249800000, 0x0000026249800000| Untracked 
| 281|0x000002624a000000, 0x000002624a000000, 0x000002624a800000|  0%| F|  |TAMS 0x000002624a000000, 0x000002624a000000| Untracked 
| 282|0x000002624a800000, 0x000002624a800000, 0x000002624b000000|  0%| F|  |TAMS 0x000002624a800000, 0x000002624a800000| Untracked 
| 283|0x000002624b000000, 0x000002624b000000, 0x000002624b800000|  0%| F|  |TAMS 0x000002624b000000, 0x000002624b000000| Untracked 
| 284|0x000002624b800000, 0x000002624b800000, 0x000002624c000000|  0%| F|  |TAMS 0x000002624b800000, 0x000002624b800000| Untracked 
| 285|0x000002624c000000, 0x000002624c000000, 0x000002624c800000|  0%| F|  |TAMS 0x000002624c000000, 0x000002624c000000| Untracked 
| 286|0x000002624c800000, 0x000002624c800000, 0x000002624d000000|  0%| F|  |TAMS 0x000002624c800000, 0x000002624c800000| Untracked 
| 287|0x000002624d000000, 0x000002624d000000, 0x000002624d800000|  0%| F|  |TAMS 0x000002624d000000, 0x000002624d000000| Untracked 
| 288|0x000002624d800000, 0x000002624d800000, 0x000002624e000000|  0%| F|  |TAMS 0x000002624d800000, 0x000002624d800000| Untracked 
| 289|0x000002624e000000, 0x000002624e000000, 0x000002624e800000|  0%| F|  |TAMS 0x000002624e000000, 0x000002624e000000| Untracked 
| 290|0x000002624e800000, 0x000002624e800000, 0x000002624f000000|  0%| F|  |TAMS 0x000002624e800000, 0x000002624e800000| Untracked 
| 291|0x000002624f000000, 0x000002624f000000, 0x000002624f800000|  0%| F|  |TAMS 0x000002624f000000, 0x000002624f000000| Untracked 
| 292|0x000002624f800000, 0x000002624f800000, 0x0000026250000000|  0%| F|  |TAMS 0x000002624f800000, 0x000002624f800000| Untracked 
| 293|0x0000026250000000, 0x0000026250000000, 0x0000026250800000|  0%| F|  |TAMS 0x0000026250000000, 0x0000026250000000| Untracked 
| 294|0x0000026250800000, 0x0000026250800000, 0x0000026251000000|  0%| F|  |TAMS 0x0000026250800000, 0x0000026250800000| Untracked 
| 295|0x0000026251000000, 0x0000026251000000, 0x0000026251800000|  0%| F|  |TAMS 0x0000026251000000, 0x0000026251000000| Untracked 
| 296|0x0000026251800000, 0x0000026251800000, 0x0000026252000000|  0%| F|  |TAMS 0x0000026251800000, 0x0000026251800000| Untracked 
| 297|0x0000026252000000, 0x0000026252000000, 0x0000026252800000|  0%| F|  |TAMS 0x0000026252000000, 0x0000026252000000| Untracked 
| 298|0x0000026252800000, 0x0000026252800000, 0x0000026253000000|  0%| F|  |TAMS 0x0000026252800000, 0x0000026252800000| Untracked 
| 299|0x0000026253000000, 0x0000026253000000, 0x0000026253800000|  0%| F|  |TAMS 0x0000026253000000, 0x0000026253000000| Untracked 
| 300|0x0000026253800000, 0x0000026253800000, 0x0000026254000000|  0%| F|  |TAMS 0x0000026253800000, 0x0000026253800000| Untracked 
| 301|0x0000026254000000, 0x0000026254000000, 0x0000026254800000|  0%| F|  |TAMS 0x0000026254000000, 0x0000026254000000| Untracked 
| 302|0x0000026254800000, 0x0000026254800000, 0x0000026255000000|  0%| F|  |TAMS 0x0000026254800000, 0x0000026254800000| Untracked 
| 303|0x0000026255000000, 0x0000026255000000, 0x0000026255800000|  0%| F|  |TAMS 0x0000026255000000, 0x0000026255000000| Untracked 
| 304|0x0000026255800000, 0x0000026255800000, 0x0000026256000000|  0%| F|  |TAMS 0x0000026255800000, 0x0000026255800000| Untracked 
| 305|0x0000026256000000, 0x0000026256000000, 0x0000026256800000|  0%| F|  |TAMS 0x0000026256000000, 0x0000026256000000| Untracked 
| 306|0x0000026256800000, 0x0000026256800000, 0x0000026257000000|  0%| F|  |TAMS 0x0000026256800000, 0x0000026256800000| Untracked 
| 307|0x0000026257000000, 0x0000026257000000, 0x0000026257800000|  0%| F|  |TAMS 0x0000026257000000, 0x0000026257000000| Untracked 
| 308|0x0000026257800000, 0x0000026257800000, 0x0000026258000000|  0%| F|  |TAMS 0x0000026257800000, 0x0000026257800000| Untracked 
| 309|0x0000026258000000, 0x0000026258000000, 0x0000026258800000|  0%| F|  |TAMS 0x0000026258000000, 0x0000026258000000| Untracked 
| 310|0x0000026258800000, 0x0000026258800000, 0x0000026259000000|  0%| F|  |TAMS 0x0000026258800000, 0x0000026258800000| Untracked 
| 311|0x0000026259000000, 0x0000026259000000, 0x0000026259800000|  0%| F|  |TAMS 0x0000026259000000, 0x0000026259000000| Untracked 
| 312|0x0000026259800000, 0x0000026259800000, 0x000002625a000000|  0%| F|  |TAMS 0x0000026259800000, 0x0000026259800000| Untracked 
| 313|0x000002625a000000, 0x000002625a000000, 0x000002625a800000|  0%| F|  |TAMS 0x000002625a000000, 0x000002625a000000| Untracked 
| 314|0x000002625a800000, 0x000002625a800000, 0x000002625b000000|  0%| F|  |TAMS 0x000002625a800000, 0x000002625a800000| Untracked 
| 315|0x000002625b000000, 0x000002625b000000, 0x000002625b800000|  0%| F|  |TAMS 0x000002625b000000, 0x000002625b000000| Untracked 
| 316|0x000002625b800000, 0x000002625b800000, 0x000002625c000000|  0%| F|  |TAMS 0x000002625b800000, 0x000002625b800000| Untracked 
| 317|0x000002625c000000, 0x000002625c000000, 0x000002625c800000|  0%| F|  |TAMS 0x000002625c000000, 0x000002625c000000| Untracked 
| 318|0x000002625c800000, 0x000002625c800000, 0x000002625d000000|  0%| F|  |TAMS 0x000002625c800000, 0x000002625c800000| Untracked 
| 319|0x000002625d000000, 0x000002625d000000, 0x000002625d800000|  0%| F|  |TAMS 0x000002625d000000, 0x000002625d000000| Untracked 
| 320|0x000002625d800000, 0x000002625d800000, 0x000002625e000000|  0%| F|  |TAMS 0x000002625d800000, 0x000002625d800000| Untracked 
| 321|0x000002625e000000, 0x000002625e000000, 0x000002625e800000|  0%| F|  |TAMS 0x000002625e000000, 0x000002625e000000| Untracked 
| 322|0x000002625e800000, 0x000002625e800000, 0x000002625f000000|  0%| F|  |TAMS 0x000002625e800000, 0x000002625e800000| Untracked 
| 323|0x000002625f000000, 0x000002625f000000, 0x000002625f800000|  0%| F|  |TAMS 0x000002625f000000, 0x000002625f000000| Untracked 
| 324|0x000002625f800000, 0x000002625f800000, 0x0000026260000000|  0%| F|  |TAMS 0x000002625f800000, 0x000002625f800000| Untracked 
| 325|0x0000026260000000, 0x0000026260000000, 0x0000026260800000|  0%| F|  |TAMS 0x0000026260000000, 0x0000026260000000| Untracked 
| 326|0x0000026260800000, 0x0000026260800000, 0x0000026261000000|  0%| F|  |TAMS 0x0000026260800000, 0x0000026260800000| Untracked 
| 327|0x0000026261000000, 0x0000026261000000, 0x0000026261800000|  0%| F|  |TAMS 0x0000026261000000, 0x0000026261000000| Untracked 
| 328|0x0000026261800000, 0x0000026261800000, 0x0000026262000000|  0%| F|  |TAMS 0x0000026261800000, 0x0000026261800000| Untracked 
| 329|0x0000026262000000, 0x0000026262000000, 0x0000026262800000|  0%| F|  |TAMS 0x0000026262000000, 0x0000026262000000| Untracked 
| 330|0x0000026262800000, 0x0000026262800000, 0x0000026263000000|  0%| F|  |TAMS 0x0000026262800000, 0x0000026262800000| Untracked 
| 331|0x0000026263000000, 0x0000026263000000, 0x0000026263800000|  0%| F|  |TAMS 0x0000026263000000, 0x0000026263000000| Untracked 
| 332|0x0000026263800000, 0x0000026263800000, 0x0000026264000000|  0%| F|  |TAMS 0x0000026263800000, 0x0000026263800000| Untracked 
| 333|0x0000026264000000, 0x0000026264000000, 0x0000026264800000|  0%| F|  |TAMS 0x0000026264000000, 0x0000026264000000| Untracked 
| 334|0x0000026264800000, 0x0000026264800000, 0x0000026265000000|  0%| F|  |TAMS 0x0000026264800000, 0x0000026264800000| Untracked 
| 335|0x0000026265000000, 0x0000026265000000, 0x0000026265800000|  0%| F|  |TAMS 0x0000026265000000, 0x0000026265000000| Untracked 
| 336|0x0000026265800000, 0x0000026265800000, 0x0000026266000000|  0%| F|  |TAMS 0x0000026265800000, 0x0000026265800000| Untracked 
| 337|0x0000026266000000, 0x0000026266000000, 0x0000026266800000|  0%| F|  |TAMS 0x0000026266000000, 0x0000026266000000| Untracked 
| 338|0x0000026266800000, 0x0000026266800000, 0x0000026267000000|  0%| F|  |TAMS 0x0000026266800000, 0x0000026266800000| Untracked 
| 339|0x0000026267000000, 0x0000026267000000, 0x0000026267800000|  0%| F|  |TAMS 0x0000026267000000, 0x0000026267000000| Untracked 
| 340|0x0000026267800000, 0x0000026267800000, 0x0000026268000000|  0%| F|  |TAMS 0x0000026267800000, 0x0000026267800000| Untracked 
| 341|0x0000026268000000, 0x0000026268000000, 0x0000026268800000|  0%| F|  |TAMS 0x0000026268000000, 0x0000026268000000| Untracked 
| 342|0x0000026268800000, 0x0000026268800000, 0x0000026269000000|  0%| F|  |TAMS 0x0000026268800000, 0x0000026268800000| Untracked 
| 343|0x0000026269000000, 0x0000026269000000, 0x0000026269800000|  0%| F|  |TAMS 0x0000026269000000, 0x0000026269000000| Untracked 
| 344|0x0000026269800000, 0x0000026269800000, 0x000002626a000000|  0%| F|  |TAMS 0x0000026269800000, 0x0000026269800000| Untracked 
| 345|0x000002626a000000, 0x000002626a000000, 0x000002626a800000|  0%| F|  |TAMS 0x000002626a000000, 0x000002626a000000| Untracked 
| 346|0x000002626a800000, 0x000002626a800000, 0x000002626b000000|  0%| F|  |TAMS 0x000002626a800000, 0x000002626a800000| Untracked 
| 347|0x000002626b000000, 0x000002626b000000, 0x000002626b800000|  0%| F|  |TAMS 0x000002626b000000, 0x000002626b000000| Untracked 
| 348|0x000002626b800000, 0x000002626b800000, 0x000002626c000000|  0%| F|  |TAMS 0x000002626b800000, 0x000002626b800000| Untracked 
| 349|0x000002626c000000, 0x000002626c000000, 0x000002626c800000|  0%| F|  |TAMS 0x000002626c000000, 0x000002626c000000| Untracked 
| 350|0x000002626c800000, 0x000002626c800000, 0x000002626d000000|  0%| F|  |TAMS 0x000002626c800000, 0x000002626c800000| Untracked 
| 351|0x000002626d000000, 0x000002626d000000, 0x000002626d800000|  0%| F|  |TAMS 0x000002626d000000, 0x000002626d000000| Untracked 
| 352|0x000002626d800000, 0x000002626d800000, 0x000002626e000000|  0%| F|  |TAMS 0x000002626d800000, 0x000002626d800000| Untracked 
| 353|0x000002626e000000, 0x000002626e000000, 0x000002626e800000|  0%| F|  |TAMS 0x000002626e000000, 0x000002626e000000| Untracked 
| 354|0x000002626e800000, 0x000002626e800000, 0x000002626f000000|  0%| F|  |TAMS 0x000002626e800000, 0x000002626e800000| Untracked 
| 355|0x000002626f000000, 0x000002626f000000, 0x000002626f800000|  0%| F|  |TAMS 0x000002626f000000, 0x000002626f000000| Untracked 
| 356|0x000002626f800000, 0x000002626f800000, 0x0000026270000000|  0%| F|  |TAMS 0x000002626f800000, 0x000002626f800000| Untracked 
| 357|0x0000026270000000, 0x0000026270000000, 0x0000026270800000|  0%| F|  |TAMS 0x0000026270000000, 0x0000026270000000| Untracked 
| 358|0x0000026270800000, 0x0000026270800000, 0x0000026271000000|  0%| F|  |TAMS 0x0000026270800000, 0x0000026270800000| Untracked 
| 359|0x0000026271000000, 0x0000026271000000, 0x0000026271800000|  0%| F|  |TAMS 0x0000026271000000, 0x0000026271000000| Untracked 
| 360|0x0000026271800000, 0x0000026271800000, 0x0000026272000000|  0%| F|  |TAMS 0x0000026271800000, 0x0000026271800000| Untracked 
| 361|0x0000026272000000, 0x0000026272000000, 0x0000026272800000|  0%| F|  |TAMS 0x0000026272000000, 0x0000026272000000| Untracked 
| 362|0x0000026272800000, 0x0000026272800000, 0x0000026273000000|  0%| F|  |TAMS 0x0000026272800000, 0x0000026272800000| Untracked 
| 363|0x0000026273000000, 0x0000026273000000, 0x0000026273800000|  0%| F|  |TAMS 0x0000026273000000, 0x0000026273000000| Untracked 
| 364|0x0000026273800000, 0x0000026273800000, 0x0000026274000000|  0%| F|  |TAMS 0x0000026273800000, 0x0000026273800000| Untracked 
| 365|0x0000026274000000, 0x0000026274000000, 0x0000026274800000|  0%| F|  |TAMS 0x0000026274000000, 0x0000026274000000| Untracked 
| 366|0x0000026274800000, 0x0000026274800000, 0x0000026275000000|  0%| F|  |TAMS 0x0000026274800000, 0x0000026274800000| Untracked 
| 367|0x0000026275000000, 0x0000026275000000, 0x0000026275800000|  0%| F|  |TAMS 0x0000026275000000, 0x0000026275000000| Untracked 
| 368|0x0000026275800000, 0x0000026275800000, 0x0000026276000000|  0%| F|  |TAMS 0x0000026275800000, 0x0000026275800000| Untracked 
| 369|0x0000026276000000, 0x0000026276000000, 0x0000026276800000|  0%| F|  |TAMS 0x0000026276000000, 0x0000026276000000| Untracked 
| 370|0x0000026276800000, 0x0000026276800000, 0x0000026277000000|  0%| F|  |TAMS 0x0000026276800000, 0x0000026276800000| Untracked 
| 371|0x0000026277000000, 0x0000026277000000, 0x0000026277800000|  0%| F|  |TAMS 0x0000026277000000, 0x0000026277000000| Untracked 
| 372|0x0000026277800000, 0x0000026277800000, 0x0000026278000000|  0%| F|  |TAMS 0x0000026277800000, 0x0000026277800000| Untracked 
| 373|0x0000026278000000, 0x0000026278000000, 0x0000026278800000|  0%| F|  |TAMS 0x0000026278000000, 0x0000026278000000| Untracked 
| 374|0x0000026278800000, 0x0000026278800000, 0x0000026279000000|  0%| F|  |TAMS 0x0000026278800000, 0x0000026278800000| Untracked 
| 375|0x0000026279000000, 0x0000026279000000, 0x0000026279800000|  0%| F|  |TAMS 0x0000026279000000, 0x0000026279000000| Untracked 
| 376|0x0000026279800000, 0x0000026279800000, 0x000002627a000000|  0%| F|  |TAMS 0x0000026279800000, 0x0000026279800000| Untracked 
| 377|0x000002627a000000, 0x000002627a000000, 0x000002627a800000|  0%| F|  |TAMS 0x000002627a000000, 0x000002627a000000| Untracked 
| 378|0x000002627a800000, 0x000002627a800000, 0x000002627b000000|  0%| F|  |TAMS 0x000002627a800000, 0x000002627a800000| Untracked 
| 379|0x000002627b000000, 0x000002627b000000, 0x000002627b800000|  0%| F|  |TAMS 0x000002627b000000, 0x000002627b000000| Untracked 
| 380|0x000002627b800000, 0x000002627b800000, 0x000002627c000000|  0%| F|  |TAMS 0x000002627b800000, 0x000002627b800000| Untracked 
| 381|0x000002627c000000, 0x000002627c000000, 0x000002627c800000|  0%| F|  |TAMS 0x000002627c000000, 0x000002627c000000| Untracked 
| 382|0x000002627c800000, 0x000002627c800000, 0x000002627d000000|  0%| F|  |TAMS 0x000002627c800000, 0x000002627c800000| Untracked 
| 383|0x000002627d000000, 0x000002627d000000, 0x000002627d800000|  0%| F|  |TAMS 0x000002627d000000, 0x000002627d000000| Untracked 
| 384|0x000002627d800000, 0x000002627d800000, 0x000002627e000000|  0%| F|  |TAMS 0x000002627d800000, 0x000002627d800000| Untracked 
| 385|0x000002627e000000, 0x000002627e000000, 0x000002627e800000|  0%| F|  |TAMS 0x000002627e000000, 0x000002627e000000| Untracked 
| 386|0x000002627e800000, 0x000002627e800000, 0x000002627f000000|  0%| F|  |TAMS 0x000002627e800000, 0x000002627e800000| Untracked 
| 387|0x000002627f000000, 0x000002627f000000, 0x000002627f800000|  0%| F|  |TAMS 0x000002627f000000, 0x000002627f000000| Untracked 
| 388|0x000002627f800000, 0x000002627f800000, 0x0000026280000000|  0%| F|  |TAMS 0x000002627f800000, 0x000002627f800000| Untracked 
| 389|0x0000026280000000, 0x0000026280000000, 0x0000026280800000|  0%| F|  |TAMS 0x0000026280000000, 0x0000026280000000| Untracked 
| 390|0x0000026280800000, 0x0000026280800000, 0x0000026281000000|  0%| F|  |TAMS 0x0000026280800000, 0x0000026280800000| Untracked 
| 391|0x0000026281000000, 0x0000026281000000, 0x0000026281800000|  0%| F|  |TAMS 0x0000026281000000, 0x0000026281000000| Untracked 
| 392|0x0000026281800000, 0x0000026281800000, 0x0000026282000000|  0%| F|  |TAMS 0x0000026281800000, 0x0000026281800000| Untracked 
| 393|0x0000026282000000, 0x0000026282000000, 0x0000026282800000|  0%| F|  |TAMS 0x0000026282000000, 0x0000026282000000| Untracked 
| 394|0x0000026282800000, 0x0000026282800000, 0x0000026283000000|  0%| F|  |TAMS 0x0000026282800000, 0x0000026282800000| Untracked 
| 395|0x0000026283000000, 0x0000026283000000, 0x0000026283800000|  0%| F|  |TAMS 0x0000026283000000, 0x0000026283000000| Untracked 
| 396|0x0000026283800000, 0x0000026283800000, 0x0000026284000000|  0%| F|  |TAMS 0x0000026283800000, 0x0000026283800000| Untracked 
| 397|0x0000026284000000, 0x0000026284000000, 0x0000026284800000|  0%| F|  |TAMS 0x0000026284000000, 0x0000026284000000| Untracked 
| 398|0x0000026284800000, 0x0000026284800000, 0x0000026285000000|  0%| F|  |TAMS 0x0000026284800000, 0x0000026284800000| Untracked 
| 399|0x0000026285000000, 0x0000026285000000, 0x0000026285800000|  0%| F|  |TAMS 0x0000026285000000, 0x0000026285000000| Untracked 
| 400|0x0000026285800000, 0x0000026285800000, 0x0000026286000000|  0%| F|  |TAMS 0x0000026285800000, 0x0000026285800000| Untracked 
| 401|0x0000026286000000, 0x0000026286000000, 0x0000026286800000|  0%| F|  |TAMS 0x0000026286000000, 0x0000026286000000| Untracked 

Card table byte_map: [0x0000026dc3990000,0x0000026dc9990000] _byte_map_base: 0x0000026c92ba4000

Marking Bits (Prev, Next): (CMBitMap*) 0x000002618ca1ad98, (CMBitMap*) 0x000002618ca1add0
 Prev Bits: [0x0000026dcf990000, 0x0000026dff990000)
 Next Bits: [0x0000026dff990000, 0x0000026e2f990000)

Polling page: 0x00000261ad710000

Metaspace:

Usage:
   18.09 MB capacity,    17.94 MB (>99%) used,   127.75 KB ( <1%) free+waste,    28.81 KB ( <1%) overhead. 

Virtual space:
     20.00 MB reserved,      18.25 MB ( 91%) committed 

Chunk freelists:
4.13 KB

CodeHeap 'non-profiled nmethods': size=119168Kb used=2225Kb max_used=2225Kb free=116942Kb
 bounds [0x00000261b52d0000, 0x00000261b5540000, 0x00000261bc730000]
CodeHeap 'profiled nmethods': size=119168Kb used=4233Kb max_used=4927Kb free=114934Kb
 bounds [0x00000261ade70000, 0x00000261ae340000, 0x00000261b52d0000]
CodeHeap 'non-nmethods': size=7424Kb used=1122Kb max_used=2875Kb free=6301Kb
 bounds [0x00000261ad730000, 0x00000261ada60000, 0x00000261ade70000]
 total_blobs=2467 nmethods=2020 adapters=359
 compilation: enabled
              stopped_count=0, restarted_count=0
 full_count=0

Compilation events (10 events):
Event: 646.678 Thread 0x0000026188890800 2147  s    4       java.util.zip.Inflater$InflaterZStreamRef::run (21 bytes)
Event: 646.680 Thread 0x0000026188890800 nmethod 2147 0x00000261b54ad810 code [0x00000261b54ad9a0, 0x00000261b54adcc8]
Event: 646.779 Thread 0x0000026188890800 2148       4       org.openstreetmap.osmosis.osmbinary.file.FileBlock::process (35 bytes)
Event: 646.861 Thread 0x0000026188890800 nmethod 2148 0x00000261b54f8190 code [0x00000261b54f8500, 0x00000261b54fb7f8]
Event: 646.861 Thread 0x0000026188890800 2149       4       org.openstreetmap.osmosis.osmbinary.Fileformat$BlobHeader::<init> (7 bytes)
Event: 646.862 Thread 0x0000026188890800 nmethod 2149 0x00000261b52dae10 code [0x00000261b52dafa0, 0x00000261b52db028]
Event: 649.935 Thread 0x0000026188890800 2150       4       org.mapdb.Fun::roundUp (10 bytes)
Event: 649.936 Thread 0x0000026188890800 nmethod 2150 0x00000261b52dfb90 code [0x00000261b52dfd20, 0x00000261b52dfd98]
Event: 651.676 Thread 0x0000026188899800 2151       3       org.mapdb.Fun::eq (23 bytes)
Event: 651.676 Thread 0x0000026188899800 nmethod 2151 0x00000261ade72110 code [0x00000261ade722c0, 0x00000261ade72590]

GC Heap History (10 events):
Event: 646.024 GC heap after
{Heap after GC invocations=64 (full 0):
 garbage-first heap   total 2572288K, used 627336K [0x00000261bd800000, 0x0000026dbd800000)
  region size 8192K, 15 young (122880K), 15 survivors (122880K)
 Metaspace       used 18369K, capacity 18527K, committed 18688K, reserved 20480K
}
Event: 646.943 GC heap before
{Heap before GC invocations=64 (full 0):
 garbage-first heap   total 2572288K, used 2044552K [0x00000261bd800000, 0x0000026dbd800000)
  region size 8192K, 188 young (1540096K), 15 survivors (122880K)
 Metaspace       used 18370K, capacity 18527K, committed 18688K, reserved 20480K
}
Event: 646.983 GC heap after
{Heap after GC invocations=65 (full 0):
 garbage-first heap   total 3293184K, used 676845K [0x00000261bd800000, 0x0000026dbd800000)
  region size 8192K, 14 young (114688K), 14 survivors (114688K)
 Metaspace       used 18370K, capacity 18527K, committed 18688K, reserved 20480K
}
Event: 648.739 GC heap before
{Heap before GC invocations=65 (full 0):
 garbage-first heap   total 3293184K, used 2536429K [0x00000261bd800000, 0x0000026dbd800000)
  region size 8192K, 241 young (1974272K), 14 survivors (114688K)
 Metaspace       used 18370K, capacity 18527K, committed 18688K, reserved 20480K
}
Event: 648.776 GC heap after
{Heap after GC invocations=66 (full 0):
 garbage-first heap   total 3293184K, used 740367K [0x00000261bd800000, 0x0000026dbd800000)
  region size 8192K, 22 young (180224K), 22 survivors (180224K)
 Metaspace       used 18370K, capacity 18527K, committed 18688K, reserved 20480K
}
Event: 650.081 GC heap before
{Heap before GC invocations=66 (full 0):
 garbage-first heap   total 3293184K, used 2534415K [0x00000261bd800000, 0x0000026dbd800000)
  region size 8192K, 241 young (1974272K), 22 survivors (180224K)
 Metaspace       used 18370K, capacity 18527K, committed 18688K, reserved 20480K
}
Event: 650.125 GC heap after
{Heap after GC invocations=67 (full 0):
 garbage-first heap   total 3293184K, used 785125K [0x00000261bd800000, 0x0000026dbd800000)
  region size 8192K, 24 young (196608K), 24 survivors (196608K)
 Metaspace       used 18370K, capacity 18527K, committed 18688K, reserved 20480K
}
Event: 651.369 GC heap before
{Heap before GC invocations=67 (full 0):
 garbage-first heap   total 3293184K, used 2562789K [0x00000261bd800000, 0x0000026dbd800000)
  region size 8192K, 241 young (1974272K), 24 survivors (196608K)
 Metaspace       used 18370K, capacity 18527K, committed 18688K, reserved 20480K
}
Event: 651.417 GC heap after
{Heap after GC invocations=68 (full 0):
 garbage-first heap   total 3293184K, used 813223K [0x00000261bd800000, 0x0000026dbd800000)
  region size 8192K, 18 young (147456K), 18 survivors (147456K)
 Metaspace       used 18370K, capacity 18527K, committed 18688K, reserved 20480K
}
Event: 652.723 GC heap before
{Heap before GC invocations=68 (full 0):
 garbage-first heap   total 3293184K, used 2640039K [0x00000261bd800000, 0x0000026dbd800000)
  region size 8192K, 241 young (1974272K), 18 survivors (147456K)
 Metaspace       used 18370K, capacity 18527K, committed 18688K, reserved 20480K
}

Deoptimization events (10 events):
Event: 638.095 Thread 0x000002618cda1800 Uncommon trap: reason=class_check action=maybe_recompile pc=0x00000261b5483e04 method=org.roaringbitmap.RoaringBitmap.contains(I)Z @ 23 c2
Event: 638.095 Thread 0x000002618cda1800 Uncommon trap: reason=class_check action=maybe_recompile pc=0x00000261b54a3930 method=org.roaringbitmap.RoaringBitmap.add(I)V @ 35 c2
Event: 638.095 Thread 0x000002618cda1800 Uncommon trap: reason=class_check action=maybe_recompile pc=0x00000261b5483e04 method=org.roaringbitmap.RoaringBitmap.contains(I)Z @ 23 c2
Event: 638.096 Thread 0x000002618cda1800 Uncommon trap: reason=class_check action=maybe_recompile pc=0x00000261b5489e90 method=org.roaringbitmap.RoaringBitmap.add(I)V @ 35 c2
Event: 638.096 Thread 0x000002618cda1800 Uncommon trap: reason=class_check action=maybe_recompile pc=0x00000261b5483e04 method=org.roaringbitmap.RoaringBitmap.contains(I)Z @ 23 c2
Event: 638.096 Thread 0x000002618cda1800 Uncommon trap: reason=class_check action=maybe_recompile pc=0x00000261b5489e90 method=org.roaringbitmap.RoaringBitmap.add(I)V @ 35 c2
Event: 638.096 Thread 0x000002618cda1800 Uncommon trap: reason=class_check action=maybe_recompile pc=0x00000261b5483e04 method=org.roaringbitmap.RoaringBitmap.contains(I)Z @ 23 c2
Event: 638.096 Thread 0x000002618cda1800 Uncommon trap: reason=class_check action=maybe_recompile pc=0x00000261b5489e90 method=org.roaringbitmap.RoaringBitmap.add(I)V @ 35 c2
Event: 638.096 Thread 0x000002618cda1800 Uncommon trap: reason=class_check action=maybe_recompile pc=0x00000261b54a3930 method=org.roaringbitmap.RoaringBitmap.add(I)V @ 35 c2
Event: 640.409 Thread 0x000002618d191000 Uncommon trap: reason=class_check action=maybe_recompile pc=0x00000261b54174d8 method=org.mapdb.AsyncWriteEngine.runWriter()Z @ 94 c2

Classes redefined (0 events):
No events

Internal exceptions (8 events):
Event: 532.770 Thread 0x000002618cda1800 Exception <a 'java/lang/ClassNotFoundException'{0x00000261fc84d368}: javax/smartcardio/CardPermission> (0x00000261fc84d368) thrown at [./open/src/hotspot/share/classfile/systemDictionary.cpp, line 228]
Event: 532.781 Thread 0x000002618cda1800 Exception <a 'java/io/FileNotFoundException'{0x00000261fc85e8b0}> (0x00000261fc85e8b0) thrown at [./open/src/hotspot/share/prims/jni.cpp, line 611]
Event: 532.842 Thread 0x000002618cda1800 Exception <a 'java/lang/NoSuchMethodError'{0x00000261fca2ef30}: java.lang.invoke.DirectMethodHandle$Holder.invokeStatic(Ljava/lang/Object;Ljava/lang/Object;Ljava/lang/Object;Ljava/lang/Object;Ljava/lang/Object;Ljava/lang/Object;Ljava/lang/Object;Ljava/lan
Event: 532.843 Thread 0x000002618cda1800 Exception <a 'java/lang/NoSuchMethodError'{0x00000261fca42388}: java.lang.invoke.DirectMethodHandle$Holder.invokeStatic(Ljava/lang/Object;Ljava/lang/Object;Ljava/lang/Object;Ljava/lang/Object;Ljava/lang/Object;Ljava/lang/Object;Ljava/lang/Object;Ljava/lan
Event: 532.845 Thread 0x000002618cda1800 Exception <a 'java/lang/NoSuchMethodError'{0x00000261fca571f8}: java.lang.invoke.DirectMethodHandle$Holder.invokeSpecial(Ljava/lang/Object;Ljava/lang/Object;IILjava/lang/Object;Ljava/lang/Object;Ljava/lang/Object;)Ljava/lang/Object;> (0x00000261fca571f8) 
Event: 532.845 Thread 0x000002618cda1800 Exception <a 'java/lang/NoSuchMethodError'{0x00000261fca5b7d0}: java.lang.invoke.DelegatingMethodHandle$Holder.reinvoke_L(Ljava/lang/Object;IILjava/lang/Object;Ljava/lang/Object;Ljava/lang/Object;)Ljava/lang/Object;> (0x00000261fca5b7d0) thrown at [./open
Event: 532.846 Thread 0x000002618cda1800 Exception <a 'java/lang/NoSuchMethodError'{0x00000261fca61640}: java.lang.invoke.DirectMethodHandle$Holder.invokeStatic(Ljava/lang/Object;Ljava/lang/Object;Ljava/lang/Object;Ljava/lang/Object;I)Ljava/lang/Object;> (0x00000261fca61640) thrown at [./open/sr
Event: 532.995 Thread 0x000002618cda1800 Exception <a 'java/io/FileNotFoundException'{0x00000261fc055380}> (0x00000261fc055380) thrown at [./open/src/hotspot/share/prims/jni.cpp, line 611]

Events (10 events):
Event: 646.779 loading class org/openstreetmap/osmosis/osmbinary/Fileformat$1 done
Event: 646.943 Executing VM operation: G1CollectForAllocation
Event: 646.983 Executing VM operation: G1CollectForAllocation done
Event: 648.739 Executing VM operation: G1CollectForAllocation
Event: 648.776 Executing VM operation: G1CollectForAllocation done
Event: 650.081 Executing VM operation: G1CollectForAllocation
Event: 650.125 Executing VM operation: G1CollectForAllocation done
Event: 651.369 Executing VM operation: G1CollectForAllocation
Event: 651.417 Executing VM operation: G1CollectForAllocation done
Event: 652.723 Executing VM operation: G1CollectForAllocation


Dynamic libraries:
0x00007ff73d050000 - 0x00007ff73e7de000 	C:\Program Files\RStudio\bin\rsession.exe
0x00007ff935af0000 - 0x00007ff935cdd000 	C:\Windows\SYSTEM32\ntdll.dll
0x00007ff932d10000 - 0x00007ff932dc3000 	C:\Windows\System32\KERNEL32.DLL
0x00007ff931d20000 - 0x00007ff931fb5000 	C:\Windows\System32\KERNELBASE.dll
0x00007ff932f80000 - 0x00007ff933023000 	C:\Windows\System32\ADVAPI32.dll
0x00007ff932dd0000 - 0x00007ff932e6e000 	C:\Windows\System32\msvcrt.dll
0x00007ff9341f0000 - 0x00007ff93428e000 	C:\Windows\System32\sechost.dll
0x00007ff933160000 - 0x00007ff933282000 	C:\Windows\System32\RPCRT4.dll
0x00007ff9336b0000 - 0x00007ff93371d000 	C:\Windows\System32\WS2_32.dll
0x00007ff932f20000 - 0x00007ff932f72000 	C:\Windows\System32\SHLWAPI.dll
0x000000006c700000 - 0x000000006e64b000 	C:\Program Files\R\R-4.0.3\bin\x64\R.dll
0x00007ff935790000 - 0x00007ff935abd000 	C:\Windows\System32\combase.dll
0x00007ff9312f0000 - 0x00007ff931357000 	C:\Windows\SYSTEM32\MSWSOCK.dll
0x0000000063540000 - 0x00000000635ef000 	C:\Program Files\R\R-4.0.3\bin\x64\Rgraphapp.dll
0x00007ff934290000 - 0x00007ff935789000 	C:\Windows\System32\SHELL32.dll
0x00007ff932340000 - 0x00007ff93243a000 	C:\Windows\System32\ucrtbase.dll
0x00007ff931cd0000 - 0x00007ff931d1a000 	C:\Windows\System32\cfgmgr32.dll
0x00007ff933030000 - 0x00007ff933157000 	C:\Windows\System32\comdlg32.dll
0x00007ff931ba0000 - 0x00007ff931c1e000 	C:\Windows\System32\bcryptPrimitives.dll
0x0000000064e80000 - 0x0000000064f02000 	C:\Program Files\R\R-4.0.3\bin\x64\Rblas.dll
0x00007ff932ef0000 - 0x00007ff932f19000 	C:\Windows\System32\GDI32.dll
0x00007ff9332b0000 - 0x00007ff933358000 	C:\Windows\System32\shcore.dll
0x00007ff9324d0000 - 0x00007ff932c22000 	C:\Windows\System32\windows.storage.dll
0x00007ff9321a0000 - 0x00007ff93233c000 	C:\Windows\System32\gdi32full.dll
0x00007ff933d60000 - 0x00007ff933ef7000 	C:\Windows\System32\USER32.dll
0x00007ff91a910000 - 0x00007ff91a9b9000 	C:\Windows\WinSxS\amd64_microsoft.windows.common-controls_6595b64144ccf1df_5.82.17763.1518_none_6d08fefc59f73326\COMCTL32.dll
0x00007ff932c70000 - 0x00007ff932d10000 	C:\Windows\System32\msvcp_win.dll
0x00007ff932c30000 - 0x00007ff932c50000 	C:\Windows\System32\win32u.dll
0x00007ff931af0000 - 0x00007ff931b14000 	C:\Windows\System32\profapi.dll
0x00007ff9341c0000 - 0x00007ff9341ee000 	C:\Windows\System32\IMM32.dll
0x00007ff9334f0000 - 0x00007ff933646000 	C:\Windows\System32\ole32.dll
0x00007ff931b40000 - 0x00007ff931b9d000 	C:\Windows\System32\powrprof.dll
0x00007ff931b20000 - 0x00007ff931b31000 	C:\Windows\System32\kernel.appcore.dll
0x00007ff9324a0000 - 0x00007ff9324c6000 	C:\Windows\System32\bcrypt.dll
0x00007ff932c50000 - 0x00007ff932c67000 	C:\Windows\System32\cryptsp.dll
0x00007ff933d00000 - 0x00007ff933d60000 	C:\Windows\System32\WLDAP32.dll
0x00007ff931fc0000 - 0x00007ff93219c000 	C:\Windows\System32\CRYPT32.dll
0x00007ff919380000 - 0x00007ff919387000 	C:\Windows\SYSTEM32\MSIMG32.dll
0x00007ff905df0000 - 0x00007ff905e8b000 	C:\Program Files\RStudio\bin\MSVCP140.dll
0x00007ff931ad0000 - 0x00007ff931ae2000 	C:\Windows\System32\MSASN1.dll
0x00007ff90e4a0000 - 0x00007ff90e4b5000 	C:\Program Files\RStudio\bin\VCRUNTIME140.dll
0x00007ff928380000 - 0x00007ff92838a000 	C:\Windows\SYSTEM32\VERSION.dll
0x00007ff92dd20000 - 0x00007ff92dd44000 	C:\Windows\SYSTEM32\WINMM.dll
0x00007ff930da0000 - 0x00007ff930dac000 	C:\Windows\SYSTEM32\Secur32.dll
0x00000000641c0000 - 0x0000000064220000 	C:\Program Files\R\R-4.0.3\bin\x64\Riconv.dll
0x00007ff92dcf0000 - 0x00007ff92dd1d000 	C:\Windows\SYSTEM32\winmmbase.dll
0x00007ff931470000 - 0x00007ff93147c000 	C:\Windows\SYSTEM32\CRYPTBASE.DLL
0x00007ff9319d0000 - 0x00007ff9319ff000 	C:\Windows\SYSTEM32\SSPICLI.DLL
0x00007ff920340000 - 0x00007ff920356000 	C:\Windows\system32\napinsp.dll
0x00007ff931060000 - 0x00007ff931127000 	C:\Windows\SYSTEM32\DNSAPI.dll
0x00007ff9337f0000 - 0x00007ff9337f8000 	C:\Windows\System32\NSI.dll
0x00007ff931020000 - 0x00007ff93105d000 	C:\Windows\SYSTEM32\IPHLPAPI.DLL
0x00007ff91e7d0000 - 0x00007ff91e7de000 	C:\Windows\System32\winrnr.dll
0x00007ff92c830000 - 0x00007ff92c84b000 	C:\Windows\system32\NLAapi.dll
0x00007ff91e7b0000 - 0x00007ff91e7c5000 	C:\Windows\system32\wshbth.dll
0x000000006bd90000 - 0x000000006bdb6000 	C:\Program Files\Bonjour\mdnsNSP.dll
0x00007ff92fe10000 - 0x00007ff92feac000 	C:\Windows\system32\uxtheme.dll
0x00007ff933720000 - 0x00007ff9337e4000 	C:\Windows\System32\OLEAUT32.dll
0x00007ff934110000 - 0x00007ff9341b2000 	C:\Windows\System32\clbcatq.dll
0x00007ff92dd50000 - 0x00007ff92def9000 	C:\Windows\SYSTEM32\PROPSYS.dll
0x0000000064a40000 - 0x0000000064a54000 	C:\Program Files\R\R-4.0.3\library\methods\libs\x64\methods.dll
0x00000000000b0000 - 0x00000000000dd000 	C:\Program Files\R\R-4.0.3\library\utils\libs\x64\utils.dll
0x000000006fc80000 - 0x000000006fe04000 	C:\Program Files\R\R-4.0.3\library\grDevices\libs\x64\grDevices.dll
0x0000000063740000 - 0x0000000063792000 	C:\Program Files\R\R-4.0.3\library\graphics\libs\x64\graphics.dll
0x0000000071100000 - 0x00000000711a9000 	C:\Program Files\R\R-4.0.3\library\stats\libs\x64\stats.dll
0x00000000000e0000 - 0x000000000036e000 	C:\Program Files\R\R-4.0.3\bin\x64\Rlapack.dll
0x00007ff8e9450000 - 0x00007ff8ec898000 	C:\Program Files\RStudio\bin\rsclang\x86_64\libclang.dll
0x0000000000370000 - 0x0000000000390000 	C:\Program Files\R\R-4.0.3\library\tools\libs\x64\tools.dll
0x0000000065700000 - 0x0000000065c52000 	C:\PROGRA~1\R\R-40~1.3\modules\x64\internet.dll
0x00007ff91e910000 - 0x00007ff91edf1000 	C:\Windows\SYSTEM32\WININET.dll
0x00007ff930110000 - 0x00007ff93013e000 	C:\Windows\system32\dwmapi.dll
0x0000000000390000 - 0x000000000039e000 	C:\Users\TGervais\Documents\R\win-library\4.0\xfun\libs\x64\xfun.dll
0x00007ff92ab50000 - 0x00007ff92adf9000 	C:\Windows\SYSTEM32\iertutil.dll
0x00007ff9293f0000 - 0x00007ff929406000 	C:\Windows\SYSTEM32\ondemandconnroutehelper.dll
0x00007ff92e000000 - 0x00007ff92e0f4000 	C:\Windows\SYSTEM32\winhttp.dll
0x00007ff9293d0000 - 0x00007ff9293db000 	C:\Windows\SYSTEM32\WINNSI.DLL
0x00007ff931a00000 - 0x00007ff931a29000 	C:\Windows\SYSTEM32\USERENV.dll
0x00007ff930ec0000 - 0x00007ff930eca000 	C:\Windows\SYSTEM32\DPAPI.DLL
0x00007ff932440000 - 0x00007ff932499000 	C:\Windows\System32\WINTRUST.dll
0x00007ff930e80000 - 0x00007ff930eb3000 	C:\Windows\system32\rsaenh.dll
0x00007ff928e40000 - 0x00007ff929017000 	C:\Windows\SYSTEM32\urlmon.dll
0x00007ff927820000 - 0x00007ff92782a000 	C:\Windows\System32\rasadhlp.dll
0x00007ff928bc0000 - 0x00007ff928c39000 	C:\Windows\System32\fwpuclnt.dll
0x00007ff930db0000 - 0x00007ff930e34000 	C:\Windows\system32\schannel.DLL
0x00007ff927570000 - 0x00007ff927585000 	C:\Windows\SYSTEM32\mskeyprotect.dll
0x00007ff931610000 - 0x00007ff931636000 	C:\Windows\SYSTEM32\ncrypt.dll
0x00007ff9315d0000 - 0x00007ff93160c000 	C:\Windows\SYSTEM32\NTASN1.dll
0x00007ff91a730000 - 0x00007ff91a75f000 	C:\Windows\System32\cryptnet.dll
0x00007ff927620000 - 0x00007ff927644000 	C:\Windows\system32\ncryptsslp.dll
0x00000000629c0000 - 0x0000000062c0e000 	C:\Users\TGervais\Documents\R\win-library\4.0\matrixStats\libs\x64\matrixStats.dll
0x00000000003a0000 - 0x00000000003ca000 	C:\Users\TGervais\Documents\R\win-library\4.0\RhpcBLASctl\libs\x64\RhpcBLASctl.dll
0x000000006ea80000 - 0x000000006eaaa000 	C:\Program Files\R\R-4.0.3\library\grid\libs\x64\grid.dll
0x00000000003d0000 - 0x00000000003df000 	C:\Program Files\R\R-4.0.3\library\lattice\libs\x64\lattice.dll
0x000000006c140000 - 0x000000006c153000 	C:\Users\TGervais\Documents\R\win-library\4.0\sp\libs\x64\sp.dll
0x00000000003e0000 - 0x0000000002cd3000 	C:\Users\TGervais\Documents\R\win-library\4.0\rgdal\libs\x64\rgdal.dll
0x00007ff9334e0000 - 0x00007ff9334e8000 	C:\Windows\System32\Normaliz.dll
0x00007ff933360000 - 0x00007ff933368000 	C:\Windows\System32\PSAPI.DLL
0x00007ff915990000 - 0x00007ff915a44000 	C:\Windows\SYSTEM32\ODBC32.dll
0x00007ff91a6e0000 - 0x00007ff91a706000 	C:\Windows\SYSTEM32\ODBCCP32.dll
0x0000000002ce0000 - 0x0000000002ee7000 	C:\Users\TGervais\Documents\R\win-library\4.0\rgeos\libs\x64\rgeos.dll
0x000000006abc0000 - 0x000000006acfb000 	C:\Users\TGervais\Documents\R\win-library\4.0\Rcpp\libs\x64\Rcpp.dll
0x000000006af80000 - 0x000000006b0e1000 	C:\Users\TGervais\Documents\R\win-library\4.0\raster\libs\x64\raster.dll
0x0000000069e00000 - 0x0000000069f0a000 	C:\Users\TGervais\Documents\R\win-library\4.0\fasterize\libs\x64\fasterize.dll
0x0000000002ef0000 - 0x0000000002eff000 	C:\Program Files\R\R-4.0.3\library\class\libs\x64\class.dll
0x0000000002f00000 - 0x0000000002f40000 	C:\Users\TGervais\Documents\R\win-library\4.0\e1071\libs\x64\e1071.dll
0x000000006c280000 - 0x000000006c290000 	C:\Program Files\R\R-4.0.3\library\KernSmooth\libs\x64\KernSmooth.dll
0x0000000067380000 - 0x000000006738d000 	C:\Users\TGervais\Documents\R\win-library\4.0\classInt\libs\x64\classInt.dll
0x0000000065e80000 - 0x0000000065fb9000 	C:\Users\TGervais\Documents\R\win-library\4.0\units\libs\x64\units.dll
0x0000000002f40000 - 0x00000000058ea000 	C:\Users\TGervais\Documents\R\win-library\4.0\sf\libs\x64\sf.dll
0x00000000058f0000 - 0x0000000005917000 	C:\Users\TGervais\Documents\R\win-library\4.0\rlang\libs\x64\rlang.dll
0x0000000068140000 - 0x0000000068187000 	C:\Users\TGervais\Documents\R\win-library\4.0\vctrs\libs\x64\vctrs.dll
0x0000000063400000 - 0x000000006340e000 	C:\Users\TGervais\Documents\R\win-library\4.0\glue\libs\x64\glue.dll
0x0000000005920000 - 0x000000000592d000 	C:\Users\TGervais\Documents\R\win-library\4.0\ellipsis\libs\x64\ellipsis.dll
0x0000000061c00000 - 0x0000000061c0e000 	C:\Users\TGervais\Documents\R\win-library\4.0\tibble\libs\x64\tibble.dll
0x0000000005930000 - 0x0000000005943000 	C:\Users\TGervais\Documents\R\win-library\4.0\purrr\libs\x64\purrr.dll
0x0000000005950000 - 0x0000000005982000 	C:\Users\TGervais\Documents\R\win-library\4.0\dplyr\libs\x64\dplyr.dll
0x0000000005990000 - 0x0000000005acc000 	C:\Users\TGervais\Documents\R\win-library\4.0\geojsonsf\libs\x64\geojsonsf.dll
0x000000006c500000 - 0x000000006c523000 	C:\Users\TGervais\Documents\R\win-library\4.0\digest\libs\x64\digest.dll
0x0000000065340000 - 0x000000006534e000 	C:\Users\TGervais\Documents\R\win-library\4.0\htmltools\libs\x64\htmltools.dll
0x0000000005ad0000 - 0x0000000005c12000 	C:\Users\TGervais\Documents\R\win-library\4.0\rdist\libs\x64\rdist.dll
0x0000000005c20000 - 0x000000000621a000 	C:\Users\TGervais\Documents\R\win-library\4.0\lwgeom\libs\x64\lwgeom.dll
0x0000000006220000 - 0x000000000622f000 	C:\Program Files\R\R-4.0.3\library\parallel\libs\x64\parallel.dll
0x00000000637c0000 - 0x00000000639e2000 	C:\Users\TGervais\Documents\R\win-library\4.0\XML\libs\x64\XML.dll
0x00000000663c0000 - 0x00000000663d0000 	C:\Users\TGervais\Documents\R\win-library\4.0\base64enc\libs\x64\base64enc.dll
0x0000000006230000 - 0x000000000627b000 	C:\Users\TGervais\Documents\R\win-library\4.0\png\libs\x64\png.dll
0x0000000069cc0000 - 0x0000000069db6000 	C:\Users\TGervais\Documents\R\win-library\4.0\satellite\libs\x64\satellite.dll
0x0000000006280000 - 0x0000000006297000 	C:\Users\TGervais\Documents\R\win-library\4.0\colorspace\libs\x64\colorspace.dll
0x0000000069300000 - 0x00000000693b5000 	C:\Users\TGervais\Documents\R\win-library\4.0\data.table\libs\x64\datatable.dll

dbghelp: loaded successfully - version: 4.0.5 - missing functions: none
symbol engine: initialized successfully - sym options: 0x614 - pdb path: .;C:\Program Files\RStudio\bin;C:\Windows\SYSTEM32;C:\Program Files\R\R-4.0.3\bin\x64;C:\Windows\WinSxS\amd64_microsoft.windows.common-controls_6595b64144ccf1df_5.82.17763.1518_none_6d08fefc59f73326;C:\Program Files\Bonjour;C:\Program Files\R\R-4.0.3\library\methods\libs\x64;C:\Program Files\R\R-4.0.3\library\utils\libs\x64;C:\Program Files\R\R-4.0.3\library\grDevices\libs\x64;C:\Program Files\R\R-4.0.3\library\graphics\libs\x64;C:\Program Files\R\R-4.0.3\library\stats\libs\x64;C:\Program Files\RStudio\bin\rsclang\x86_64;C:\Program Files\R\R-4.0.3\library\tools\libs\x64;C:\PROGRA~1\R\R-40~1.3\modules\x64;C:\Users\TGervais\Documents\R\win-library\4.0\xfun\libs\x64;C:\Users\TGervais\Documents\R\win-library\4.0\matrixStats\libs\x64;C:\Users\TGervais\Documents\R\win-library\4.0\RhpcBLASctl\libs\x64;C:\Program Files\R\R-4.0.3\library\grid\libs\x64;C:\Program Files\R\R-4.0.3\library\lattice\libs\x64;C:\Users\TGervais\Documents\R\win-library\4.0\sp\libs\x64;C:\Users\TGervais\Documents\R\win-library\4.0\rgdal\libs\x64;C:\Users\TGervais\Documents\R\win-library\4.0\rgeos\libs\x64;C:\Users\TGervais\Documents\R\win-library\4.0\Rcpp\libs\x64;C:\Users\TGervais\Documents\R\win-library\4.0\raster\libs\x64;C:\Users\TGervais\Documents\R\win-library\4.0\fasterize\libs\x64;C:\Program Files\R\R-4.0.3\library\class\libs\x64;C:\Users\TGervais\Documents\R\win-library\4.0\e1071\libs\x64;C:\Program Files\R\R-4.0.3\library\KernSmooth\libs\x64;C:\Users\TGervais\Documents\R\win-library\4.0\classInt\libs\x64;C:\Users\TGervais\Documents\R\win-library\4.0\units\libs\x64;C:\Users\TGervais\Documents\R\win-library\4.0\sf\libs\x64;C:\Users\TGervais\Documents\R\win-library\4.0\rlang\libs\x64;C:\Users\TGervais\Documents\R\win-library\4.0\vctrs\libs\x64;C:\Users\TGervais\Documents\R\win-library\4.0\glue\libs\x64;C:\Users\TGervais\Documents\R\win-library\4.0\ellipsis\libs\x64;C:\Users\TGervais\Documents\R\win-library\4.0\tibble\libs\x64;C:\Users\TGervais\Documents\R\win-library\4.0\purrr\libs\x64;C:\Users\TGervais\Documents\R\win-library\4.0\dplyr\libs\x64;C:\Users\TGervais\Documents\R\win-library\4.0\geojsonsf\libs\x64;C:\Users\TGervais\Documents\R\win-library\4.0\digest\libs\x64;C:\Users\TGervais\Documents\R\win-library\4.0\htmltools\libs\x64;C:\Users\TGervais\Documents\R\win-library\4.0\rdist\libs\x64;C:\Users\TGervais\Documents\R\win-library\4.0\lwgeom\libs\x64;C:\Program Files\R\R-4.0.3\library\parallel\libs\x64;C:\Users\TGervais\Documents\R\win-library\4.0\XML\libs\x64;C:\Users\TGervais\Documents\R\win-library\4.0\base64enc\libs\x64;C:\Users\TGervais\Documents\R\win-library\4.0\png\libs\x64;C:\Users\TGervais\Documents\R\win-library\4.0\satellite\libs\x64;C:\Users\TGervais\Documents\R\win-library\4.0\colorspace\libs\x64;C:\Users\TGervais\Documents\R\win-library\4.0\data.table\libs\x64;C:\Users\TGervais\Documents\R\win-library\4.0\rJava\libs\x64;C:\Program Files\Java\jdk-11.0.8\bin\server;C:\Users\TGervais\Documents\R\win-library\4.0\RApiSerialize\libs\x64;C:\Users\TGervais\Documents\R\win-library\4.0\RcppParallel\lib\x64;C:\Users\TGervais\Documents\R\win-library\4.0\RcppParallel\libs\x64;C:\Users\TGervais\Documents\R\win-library\4.0\stringfish\libs\x64;C:\Users\TGervais\Documents\R\win-library\4.0\qs\libs\x64;C:\Users\TGervais\Documents\R\win-library\4.0\microbenchmark\libs\x64;C:\Users\TGervais\Documents\R\win-library\4.0\stringi\libs\x64;C:\Users\TGervais\Documents\R\win-library\4.0\profvis\libs\x64;C:\Users\TGervais\Documents\R\win-library\4.0\jsonlite\libs\x64;C:\Users\TGervais\Documents\R\win-library\4.0\lobstr\libs\x64;C:\Users\TGervais\Documents\R\win-library\4.0\lubridate\libs\x64;C:\Users\TGervais\Documents\R\win-library\4.0\tidyr\libs\x64;C:\Users\TGervais\Documents\R\win-library\4.0\backports\libs\x64;C:\Users\TGervais\Documents\R\win-library\4.0\haven\libs\x64;C:\Users\TGervais\Documents\R\win-library\4.0\readr\libs\x64;C:\Users\TGervais\Documents\R\win-library\4.0\readxl\libs\x64;C:\Users\TGervais\Documents\R\win-library\4.0\fs\libs\x64;C:\Users\TGervais\Documents\R\win-library\4.0\xml2\libs\x64;C:\Users\TGervais\Documents\R\win-library\4.0\fansi\libs\x64;C:\Users\TGervais\Documents\R\win-library\4.0\bit\libs\x64;C:\Users\TGervais\Documents\R\win-library\4.0\bit64\libs\x64;C:\Users\TGervais\Documents\R\win-library\4.0\vroom\libs\x64;C:\Program Files\Java\jdk-11.0.8\bin;C:\Users\TGervais\Documents\R\win-library\4.0\checkmate\libs\x64

VM Arguments:
jvm_args: -Dr.arch=/x64 -Xmx48G -Xrs -Xss2m 
java_command: <unknown>
java_class_path (initial): C:/Users/TGervais/Documents/R/win-library/4.0/rJava/java/boot
Launcher Type: generic

[Global flags]
     intx CICompilerCount                          = 12                                        {product} {ergonomic}
     uint ConcGCThreads                            = 3                                         {product} {ergonomic}
     uint G1ConcRefinementThreads                  = 13                                        {product} {ergonomic}
   size_t G1HeapRegionSize                         = 8388608                                   {product} {ergonomic}
    uintx GCDrainStackTargetSize                   = 64                                        {product} {ergonomic}
   size_t InitialHeapSize                          = 1073741824                                {product} {ergonomic}
   size_t MarkStackSize                            = 4194304                                   {product} {ergonomic}
   size_t MaxHeapSize                              = 51539607552                               {product} {command line}
   size_t MaxNewSize                               = 30920409088                               {product} {ergonomic}
   size_t MinHeapDeltaBytes                        = 8388608                                   {product} {ergonomic}
    uintx NonNMethodCodeHeapSize                   = 7594288                                {pd product} {ergonomic}
    uintx NonProfiledCodeHeapSize                  = 122031976                              {pd product} {ergonomic}
    uintx ProfiledCodeHeapSize                     = 122031976                              {pd product} {ergonomic}
     bool ReduceSignalUsage                        = true                                      {product} {command line}
    uintx ReservedCodeCacheSize                    = 251658240                              {pd product} {ergonomic}
     bool SegmentedCodeCache                       = true                                      {product} {ergonomic}
     intx ThreadStackSize                          = 2048                                   {pd product} {command line}
     bool UseG1GC                                  = true                                      {product} {ergonomic}
     bool UseLargePagesIndividualAllocation        = false                                  {pd product} {ergonomic}

Logging:
Log output configuration:
 #0: stdout all=warning uptime,level,tags
 #1: stderr all=off uptime,level,tags

Environment Variables:
PATH=C:\Program Files\R\R-4.0.3\bin\x64;C:\Program Files\Common Files\Oracle\Java\javapath;C:\Program Files\Microsoft MPI\Bin\;C:\Windows\system32;C:\Windows;C:\Windows\System32\Wbem;C:\Windows\System32\WindowsPowerShell\v1.0\;C:\Windows\System32\OpenSSH\;c:\Julia\bin;C:\Program Files\Git\cmd;C:\Program Files\nodejs\;C:\Program Files (x86)\Yarn\bin\;C:\Program Files\apache-maven-3.6.3\bin;C:\Program Files\dotnet\;C:\Program Files\Docker\Docker\resources\bin;C:\ProgramData\DockerDesktop\version-bin;C:\Users\TGervais\AppData\Local\Microsoft\WindowsApps;C:\Users\TGervais\AppData\Local\GitHubDesktop\bin;
USERNAME=TGervais
OS=Windows_NT
PROCESSOR_IDENTIFIER=Intel64 Family 6 Model 85 Stepping 4, GenuineIntel



---------------  S Y S T E M  ---------------

OS: Windows Server 2019 , 64 bit Build 17763 (10.0.17763.475)
HyperV virtualization detected

CPU:total 16 (initial active 16) (8 cores per cpu, 2 threads per core) family 6 model 85 stepping 4, cmov, cx8, fxsr, mmx, sse, sse2, sse3, ssse3, sse4.1, sse4.2, popcnt, avx, avx2, aes, clmul, erms, rtm, 3dnowpref, lzcnt, ht, tsc, tscinvbit, bmi1, bmi2, adx, fma

Memory: 4k page, system-wide physical 65195M (1279M free)
TotalPageFile size 67243M (AvailPageFile size 776M)
current process WorkingSet (physical memory assigned to process): 6182M, peak: 6766M
current process commit charge ("private bytes"): 6645M, peak: 7733M

vm_info: Java HotSpot(TM) 64-Bit Server VM (11.0.8+10-LTS) for windows-amd64 JRE (11.0.8+10-LTS), built on Jun 16 2020 05:53:08 by "mach5one" with unknown MS VC++:1916

END.
