#
# There is insufficient memory for the Java Runtime Environment to continue.
# Native memory allocation (mmap) failed to map 1073741824 bytes for Failed to commit area from 0x000002237c800000 to 0x00000223bc800000 of length 1073741824.
# Possible reasons:
#   The system is out of physical RAM or swap space
# Possible solutions:
#   Reduce memory load on the system
#   Increase physical memory or swap space
#   Check if swap backing store is full
#   Decrease Java heap size (-Xmx/-Xms)
#   Decrease number of Java threads
#   Decrease Java thread stack sizes (-Xss)
#   Set larger code cache with -XX:ReservedCodeCacheSize=
# This output file may be truncated or incomplete.
#
#  Out of Memory Error (./open/src/hotspot/os/windows/os_windows.cpp:3275), pid=131760, tid=60800
#
# JRE version:  (11.0.8+10) (build )
# Java VM: Java HotSpot(TM) 64-Bit Server VM (11.0.8+10-LTS, mixed mode, tiered, g1 gc, windows-amd64)
# Core dump will be written. Default location: C:\Users\TGervais\Documents\GitHub\accessibilite\hs_err_pid131760.mdmp
#

---------------  S U M M A R Y ------------

Command Line: -Dr.arch=/x64 -Xmx48G -Xrs -Xss2m 

Host: Intel(R) Xeon(R) D-2141I CPU @ 2.20GHz, 16 cores, 63G,  Windows Server 2019 , 64 bit Build 17763 (10.0.17763.475)
Time: Tue Nov 10 18:00:47 2020 Paris, Madrid elapsed time: 0 seconds (0d 0h 0m 0s)

---------------  T H R E A D  ---------------

Current thread (0x000002235c558800):  JavaThread "Unknown thread" [_thread_in_vm, id=60800, stack(0x0000003a53800000,0x0000003a54800000)]

Stack: [0x0000003a53800000,0x0000003a54800000]
Native frames: (J=compiled Java code, j=interpreted, Vv=VM code, C=native code)
C  0x00007ff8e8f61aea
C  0x00007ff8e9097fef
C  0x00007ff8e9099675
C  0x00007ff8e9099cf3
C  0x00007ff8e8ba2848
C  0x00007ff8e8f5ef8a
C  0x00007ff8e8f53eb5
C  0x00007ff8e8c5651c
C  0x00007ff8e8c563a2
C  0x00007ff8e8c5b056
C  0x00007ff8e8c9ce9f
C  0x00007ff8e8c9c8d0
C  0x00007ff8e8c34768
C  0x00007ff8e8c358c6
C  0x00007ff8e9073e67
C  0x00007ff8e907570f
C  0x00007ff8e8ca9c19
C  0x00007ff8e90597f0
C  0x00007ff8e8d12a5f
C  0x00007ff8e8d14e81
C  0x0000000064086f41
C  [R.dll+0xa0c4a]
C  [R.dll+0xebfce]
C  [R.dll+0xfb841]
C  [R.dll+0xfd547]
C  [R.dll+0xfe7aa]
C  [R.dll+0xfb9ec]
C  [R.dll+0x102020]
C  [R.dll+0xebfce]
C  [R.dll+0xfb841]
C  [R.dll+0xfd547]
C  [R.dll+0xfe7aa]
C  [R.dll+0xf2994]
C  [R.dll+0xfb841]
C  [R.dll+0xfc0f9]
C  [R.dll+0xfbb44]
C  [R.dll+0x10253a]
C  [R.dll+0x137c5f]
C  [R.dll+0xebe3b]
C  [R.dll+0xfb841]
C  [R.dll+0xfd547]
C  [R.dll+0xfe7aa]
C  [R.dll+0xf2994]
C  [R.dll+0xfb841]
C  [R.dll+0xfd547]
C  [R.dll+0xfe7aa]
C  [R.dll+0xfb9ec]
C  [R.dll+0x124c61]
C  [R.dll+0x124fc1]
C  [R.dll+0x12505d]
C  [rsession.exe+0xb7c014]
C  [rsession.exe+0xb6e0ec]
C  [rsession.exe+0x26e6c0]
C  [rsession.exe+0xf01a78]
C  [KERNEL32.DLL+0x17974]
C  [ntdll.dll+0x6a271]


---------------  P R O C E S S  ---------------

Threads class SMR info:
_java_thread_list=0x000002235c885c10, length=0, elements={
}

Java Threads: ( => current thread )

Other Threads:
  0x000002235c559800 GCTaskThread "GC Thread#0" [stack: 0x0000003a66800000,0x0000003a67800000] [id=125832]
  0x000002235c8f7800 ConcurrentGCThread "G1 Main Marker" [stack: 0x0000003a67800000,0x0000003a68800000] [id=97240]
  0x000002235b338800 ConcurrentGCThread "G1 Conc#0" [stack: 0x0000003a68800000,0x0000003a69800000] [id=151856]

[error occurred during error reporting (printing all threads), id 0xc0000005, EXCEPTION_ACCESS_VIOLATION (0xc0000005) at pc=0x00007ff8e8c42f67]

VM state:not at safepoint (not fully initialized)

VM Mutex/Monitor currently owned by a thread:  ([mutex/lock_event])
[0x000002235c79f110] Heap_lock - owner thread: 0x000002235c558800

GC Heap History (0 events):
No events

Deoptimization events (0 events):
No events

Classes redefined (0 events):
No events

Internal exceptions (0 events):
No events

Events (0 events):
No events


Dynamic libraries:
0x00007ff73d050000 - 0x00007ff73e7de000 	C:\Program Files\RStudio\bin\rsession.exe
0x00007ff935af0000 - 0x00007ff935cdd000 	C:\Windows\SYSTEM32\ntdll.dll
0x00007ff932d10000 - 0x00007ff932dc3000 	C:\Windows\System32\KERNEL32.DLL
0x00007ff931d20000 - 0x00007ff931fb5000 	C:\Windows\System32\KERNELBASE.dll
0x00007ff932f80000 - 0x00007ff933023000 	C:\Windows\System32\ADVAPI32.dll
0x00007ff932dd0000 - 0x00007ff932e6e000 	C:\Windows\System32\msvcrt.dll
0x00007ff9341f0000 - 0x00007ff93428e000 	C:\Windows\System32\sechost.dll
0x00007ff933160000 - 0x00007ff933282000 	C:\Windows\System32\RPCRT4.dll
0x00007ff9336b0000 - 0x00007ff93371d000 	C:\Windows\System32\WS2_32.dll
0x00007ff932f20000 - 0x00007ff932f72000 	C:\Windows\System32\SHLWAPI.dll
0x00007ff935790000 - 0x00007ff935abd000 	C:\Windows\System32\combase.dll
0x00007ff9312f0000 - 0x00007ff931357000 	C:\Windows\SYSTEM32\MSWSOCK.dll
0x00007ff932340000 - 0x00007ff93243a000 	C:\Windows\System32\ucrtbase.dll
0x0000000063540000 - 0x00000000635ef000 	C:\Program Files\R\R-4.0.3\bin\x64\Rgraphapp.dll
0x000000006c700000 - 0x000000006e64b000 	C:\Program Files\R\R-4.0.3\bin\x64\R.dll
0x00007ff934290000 - 0x00007ff935789000 	C:\Windows\System32\SHELL32.dll
0x00007ff931ba0000 - 0x00007ff931c1e000 	C:\Windows\System32\bcryptPrimitives.dll
0x00007ff933030000 - 0x00007ff933157000 	C:\Windows\System32\comdlg32.dll
0x00007ff931cd0000 - 0x00007ff931d1a000 	C:\Windows\System32\cfgmgr32.dll
0x00007ff932ef0000 - 0x00007ff932f19000 	C:\Windows\System32\GDI32.dll
0x0000000064e80000 - 0x0000000064f02000 	C:\Program Files\R\R-4.0.3\bin\x64\Rblas.dll
0x00007ff9332b0000 - 0x00007ff933358000 	C:\Windows\System32\shcore.dll
0x00007ff9321a0000 - 0x00007ff93233c000 	C:\Windows\System32\gdi32full.dll
0x00007ff9324d0000 - 0x00007ff932c22000 	C:\Windows\System32\windows.storage.dll
0x00007ff933d60000 - 0x00007ff933ef7000 	C:\Windows\System32\USER32.dll
0x00007ff91a910000 - 0x00007ff91a9b9000 	C:\Windows\WinSxS\amd64_microsoft.windows.common-controls_6595b64144ccf1df_5.82.17763.1518_none_6d08fefc59f73326\COMCTL32.dll
0x00007ff932c70000 - 0x00007ff932d10000 	C:\Windows\System32\msvcp_win.dll
0x00007ff932c30000 - 0x00007ff932c50000 	C:\Windows\System32\win32u.dll
0x00007ff9341c0000 - 0x00007ff9341ee000 	C:\Windows\System32\IMM32.dll
0x00007ff931af0000 - 0x00007ff931b14000 	C:\Windows\System32\profapi.dll
0x00007ff9334f0000 - 0x00007ff933646000 	C:\Windows\System32\ole32.dll
0x00007ff931b40000 - 0x00007ff931b9d000 	C:\Windows\System32\powrprof.dll
0x00007ff9324a0000 - 0x00007ff9324c6000 	C:\Windows\System32\bcrypt.dll
0x00007ff931b20000 - 0x00007ff931b31000 	C:\Windows\System32\kernel.appcore.dll
0x00007ff933d00000 - 0x00007ff933d60000 	C:\Windows\System32\WLDAP32.dll
0x00007ff931fc0000 - 0x00007ff93219c000 	C:\Windows\System32\CRYPT32.dll
0x00007ff932c50000 - 0x00007ff932c67000 	C:\Windows\System32\cryptsp.dll
0x00007ff919380000 - 0x00007ff919387000 	C:\Windows\SYSTEM32\MSIMG32.dll
0x00007ff931ad0000 - 0x00007ff931ae2000 	C:\Windows\System32\MSASN1.dll
0x00007ff905df0000 - 0x00007ff905e8b000 	C:\Program Files\RStudio\bin\MSVCP140.dll
0x00007ff90e4a0000 - 0x00007ff90e4b5000 	C:\Program Files\RStudio\bin\VCRUNTIME140.dll
0x00007ff930da0000 - 0x00007ff930dac000 	C:\Windows\SYSTEM32\Secur32.dll
0x00007ff92dd20000 - 0x00007ff92dd44000 	C:\Windows\SYSTEM32\WINMM.dll
0x00007ff928380000 - 0x00007ff92838a000 	C:\Windows\SYSTEM32\VERSION.dll
0x00000000641c0000 - 0x0000000064220000 	C:\Program Files\R\R-4.0.3\bin\x64\Riconv.dll
0x00007ff92dcf0000 - 0x00007ff92dd1d000 	C:\Windows\SYSTEM32\winmmbase.dll
0x00007ff931470000 - 0x00007ff93147c000 	C:\Windows\SYSTEM32\CRYPTBASE.DLL
0x00007ff9319d0000 - 0x00007ff9319ff000 	C:\Windows\SYSTEM32\SSPICLI.DLL
0x00007ff920340000 - 0x00007ff920356000 	C:\Windows\system32\napinsp.dll
0x00007ff931060000 - 0x00007ff931127000 	C:\Windows\SYSTEM32\DNSAPI.dll
0x00007ff9337f0000 - 0x00007ff9337f8000 	C:\Windows\System32\NSI.dll
0x00007ff931020000 - 0x00007ff93105d000 	C:\Windows\SYSTEM32\IPHLPAPI.DLL
0x00007ff91e7d0000 - 0x00007ff91e7de000 	C:\Windows\System32\winrnr.dll
0x00007ff92c830000 - 0x00007ff92c84b000 	C:\Windows\system32\NLAapi.dll
0x00007ff91e7b0000 - 0x00007ff91e7c5000 	C:\Windows\system32\wshbth.dll
0x000000006bd90000 - 0x000000006bdb6000 	C:\Program Files\Bonjour\mdnsNSP.dll
0x00007ff92fe10000 - 0x00007ff92feac000 	C:\Windows\system32\uxtheme.dll
0x00007ff933720000 - 0x00007ff9337e4000 	C:\Windows\System32\OLEAUT32.dll
0x00007ff934110000 - 0x00007ff9341b2000 	C:\Windows\System32\clbcatq.dll
0x00007ff92dd50000 - 0x00007ff92def9000 	C:\Windows\SYSTEM32\PROPSYS.dll
0x0000000064a40000 - 0x0000000064a54000 	C:\Program Files\R\R-4.0.3\library\methods\libs\x64\methods.dll
0x0000000000d40000 - 0x0000000000d6d000 	C:\Program Files\R\R-4.0.3\library\utils\libs\x64\utils.dll
0x000000006fc80000 - 0x000000006fe04000 	C:\Program Files\R\R-4.0.3\library\grDevices\libs\x64\grDevices.dll
0x0000000063740000 - 0x0000000063792000 	C:\Program Files\R\R-4.0.3\library\graphics\libs\x64\graphics.dll
0x0000000071100000 - 0x00000000711a9000 	C:\Program Files\R\R-4.0.3\library\stats\libs\x64\stats.dll
0x0000000000d70000 - 0x0000000000ffe000 	C:\Program Files\R\R-4.0.3\bin\x64\Rlapack.dll
0x00007ff8e9450000 - 0x00007ff8ec898000 	C:\Program Files\RStudio\bin\rsclang\x86_64\libclang.dll
0x0000000001000000 - 0x0000000001020000 	C:\Program Files\R\R-4.0.3\library\tools\libs\x64\tools.dll
0x0000000065700000 - 0x0000000065c52000 	C:\PROGRA~1\R\R-40~1.3\modules\x64\internet.dll
0x00007ff91e910000 - 0x00007ff91edf1000 	C:\Windows\SYSTEM32\WININET.dll
0x00007ff930110000 - 0x00007ff93013e000 	C:\Windows\system32\dwmapi.dll
0x0000000001020000 - 0x000000000102e000 	C:\Users\TGervais\Documents\R\win-library\4.0\xfun\libs\x64\xfun.dll
0x00007ff92ab50000 - 0x00007ff92adf9000 	C:\Windows\SYSTEM32\iertutil.dll
0x00007ff9293f0000 - 0x00007ff929406000 	C:\Windows\SYSTEM32\ondemandconnroutehelper.dll
0x00007ff92e000000 - 0x00007ff92e0f4000 	C:\Windows\SYSTEM32\winhttp.dll
0x00007ff9293d0000 - 0x00007ff9293db000 	C:\Windows\SYSTEM32\WINNSI.DLL
0x00007ff931a00000 - 0x00007ff931a29000 	C:\Windows\SYSTEM32\USERENV.dll
0x00007ff930ec0000 - 0x00007ff930eca000 	C:\Windows\SYSTEM32\DPAPI.DLL
0x00007ff932440000 - 0x00007ff932499000 	C:\Windows\System32\WINTRUST.dll
0x00007ff930e80000 - 0x00007ff930eb3000 	C:\Windows\system32\rsaenh.dll
0x00007ff928e40000 - 0x00007ff929017000 	C:\Windows\SYSTEM32\urlmon.dll
0x00007ff927820000 - 0x00007ff92782a000 	C:\Windows\System32\rasadhlp.dll
0x00007ff928bc0000 - 0x00007ff928c39000 	C:\Windows\System32\fwpuclnt.dll
0x00007ff930db0000 - 0x00007ff930e34000 	C:\Windows\system32\schannel.DLL
0x00007ff927570000 - 0x00007ff927585000 	C:\Windows\SYSTEM32\mskeyprotect.dll
0x00007ff931610000 - 0x00007ff931636000 	C:\Windows\SYSTEM32\ncrypt.dll
0x00007ff9315d0000 - 0x00007ff93160c000 	C:\Windows\SYSTEM32\NTASN1.dll
0x00007ff91a730000 - 0x00007ff91a75f000 	C:\Windows\System32\cryptnet.dll
0x00007ff927620000 - 0x00007ff927644000 	C:\Windows\system32\ncryptsslp.dll
0x00000000629c0000 - 0x0000000062c0e000 	C:\Users\TGervais\Documents\R\win-library\4.0\matrixStats\libs\x64\matrixStats.dll
0x0000000001030000 - 0x000000000105a000 	C:\Users\TGervais\Documents\R\win-library\4.0\RhpcBLASctl\libs\x64\RhpcBLASctl.dll
0x000000006ea80000 - 0x000000006eaaa000 	C:\Program Files\R\R-4.0.3\library\grid\libs\x64\grid.dll
0x0000000001060000 - 0x000000000106f000 	C:\Program Files\R\R-4.0.3\library\lattice\libs\x64\lattice.dll
0x000000006c140000 - 0x000000006c153000 	C:\Users\TGervais\Documents\R\win-library\4.0\sp\libs\x64\sp.dll
0x0000000001070000 - 0x0000000003963000 	C:\Users\TGervais\Documents\R\win-library\4.0\rgdal\libs\x64\rgdal.dll
0x00007ff9334e0000 - 0x00007ff9334e8000 	C:\Windows\System32\Normaliz.dll
0x00007ff933360000 - 0x00007ff933368000 	C:\Windows\System32\PSAPI.DLL
0x00007ff91dce0000 - 0x00007ff91dd94000 	C:\Windows\SYSTEM32\ODBC32.dll
0x00007ff91e6e0000 - 0x00007ff91e706000 	C:\Windows\SYSTEM32\ODBCCP32.dll
0x0000000003970000 - 0x0000000003b77000 	C:\Users\TGervais\Documents\R\win-library\4.0\rgeos\libs\x64\rgeos.dll
0x000000006abc0000 - 0x000000006acfb000 	C:\Users\TGervais\Documents\R\win-library\4.0\Rcpp\libs\x64\Rcpp.dll
0x000000006af80000 - 0x000000006b0e1000 	C:\Users\TGervais\Documents\R\win-library\4.0\raster\libs\x64\raster.dll
0x0000000069e00000 - 0x0000000069f0a000 	C:\Users\TGervais\Documents\R\win-library\4.0\fasterize\libs\x64\fasterize.dll
0x0000000003b80000 - 0x0000000003b8f000 	C:\Program Files\R\R-4.0.3\library\class\libs\x64\class.dll
0x0000000003b90000 - 0x0000000003bd0000 	C:\Users\TGervais\Documents\R\win-library\4.0\e1071\libs\x64\e1071.dll
0x000000006c280000 - 0x000000006c290000 	C:\Program Files\R\R-4.0.3\library\KernSmooth\libs\x64\KernSmooth.dll
0x0000000067380000 - 0x000000006738d000 	C:\Users\TGervais\Documents\R\win-library\4.0\classInt\libs\x64\classInt.dll
0x0000000065e80000 - 0x0000000065fb9000 	C:\Users\TGervais\Documents\R\win-library\4.0\units\libs\x64\units.dll
0x0000000003bd0000 - 0x000000000657a000 	C:\Users\TGervais\Documents\R\win-library\4.0\sf\libs\x64\sf.dll
0x0000000006580000 - 0x00000000065a7000 	C:\Users\TGervais\Documents\R\win-library\4.0\rlang\libs\x64\rlang.dll
0x0000000068140000 - 0x0000000068187000 	C:\Users\TGervais\Documents\R\win-library\4.0\vctrs\libs\x64\vctrs.dll
0x0000000063400000 - 0x000000006340e000 	C:\Users\TGervais\Documents\R\win-library\4.0\glue\libs\x64\glue.dll
0x00000000065b0000 - 0x00000000065bd000 	C:\Users\TGervais\Documents\R\win-library\4.0\ellipsis\libs\x64\ellipsis.dll
0x0000000061c00000 - 0x0000000061c0e000 	C:\Users\TGervais\Documents\R\win-library\4.0\tibble\libs\x64\tibble.dll
0x00000000065c0000 - 0x00000000065d3000 	C:\Users\TGervais\Documents\R\win-library\4.0\purrr\libs\x64\purrr.dll
0x00000000065e0000 - 0x0000000006612000 	C:\Users\TGervais\Documents\R\win-library\4.0\dplyr\libs\x64\dplyr.dll
0x0000000006620000 - 0x000000000675c000 	C:\Users\TGervais\Documents\R\win-library\4.0\geojsonsf\libs\x64\geojsonsf.dll
0x000000006c500000 - 0x000000006c523000 	C:\Users\TGervais\Documents\R\win-library\4.0\digest\libs\x64\digest.dll
0x0000000065340000 - 0x000000006534e000 	C:\Users\TGervais\Documents\R\win-library\4.0\htmltools\libs\x64\htmltools.dll
0x0000000006760000 - 0x00000000068a2000 	C:\Users\TGervais\Documents\R\win-library\4.0\rdist\libs\x64\rdist.dll
0x00000000068b0000 - 0x0000000006eaa000 	C:\Users\TGervais\Documents\R\win-library\4.0\lwgeom\libs\x64\lwgeom.dll
0x0000000006eb0000 - 0x0000000006ebf000 	C:\Program Files\R\R-4.0.3\library\parallel\libs\x64\parallel.dll
0x00000000637c0000 - 0x00000000639e2000 	C:\Users\TGervais\Documents\R\win-library\4.0\XML\libs\x64\XML.dll
0x00000000663c0000 - 0x00000000663d0000 	C:\Users\TGervais\Documents\R\win-library\4.0\base64enc\libs\x64\base64enc.dll
0x0000000006ec0000 - 0x0000000006f0b000 	C:\Users\TGervais\Documents\R\win-library\4.0\png\libs\x64\png.dll
0x0000000069cc0000 - 0x0000000069db6000 	C:\Users\TGervais\Documents\R\win-library\4.0\satellite\libs\x64\satellite.dll
0x0000000006f10000 - 0x0000000006f27000 	C:\Users\TGervais\Documents\R\win-library\4.0\colorspace\libs\x64\colorspace.dll
0x0000000069300000 - 0x00000000693b5000 	C:\Users\TGervais\Documents\R\win-library\4.0\data.table\libs\x64\datatable.dll

dbghelp: loaded successfully - version: 4.0.5 - missing functions: none
symbol engine: initialized successfully - sym options: 0x614 - pdb path: .;C:\Program Files\RStudio\bin;C:\Windows\SYSTEM32;C:\Program Files\R\R-4.0.3\bin\x64;C:\Windows\WinSxS\amd64_microsoft.windows.common-controls_6595b64144ccf1df_5.82.17763.1518_none_6d08fefc59f73326;C:\Program Files\Bonjour;C:\Program Files\R\R-4.0.3\library\methods\libs\x64;C:\Program Files\R\R-4.0.3\library\utils\libs\x64;C:\Program Files\R\R-4.0.3\library\grDevices\libs\x64;C:\Program Files\R\R-4.0.3\library\graphics\libs\x64;C:\Program Files\R\R-4.0.3\library\stats\libs\x64;C:\Program Files\RStudio\bin\rsclang\x86_64;C:\Program Files\R\R-4.0.3\library\tools\libs\x64;C:\PROGRA~1\R\R-40~1.3\modules\x64;C:\Users\TGervais\Documents\R\win-library\4.0\xfun\libs\x64;C:\Users\TGervais\Documents\R\win-library\4.0\matrixStats\libs\x64;C:\Users\TGervais\Documents\R\win-library\4.0\RhpcBLASctl\libs\x64;C:\Program Files\R\R-4.0.3\library\grid\libs\x64;C:\Program Files\R\R-4.0.3\library\lattice\libs\x64;C:\Users\TGervais\Documents\R\win-library\4.0\sp\libs\x64;C:\Users\TGervais\Documents\R\win-library\4.0\rgdal\libs\x64;C:\Users\TGervais\Documents\R\win-library\4.0\rgeos\libs\x64;C:\Users\TGervais\Documents\R\win-library\4.0\Rcpp\libs\x64;C:\Users\TGervais\Documents\R\win-library\4.0\raster\libs\x64;C:\Users\TGervais\Documents\R\win-library\4.0\fasterize\libs\x64;C:\Program Files\R\R-4.0.3\library\class\libs\x64;C:\Users\TGervais\Documents\R\win-library\4.0\e1071\libs\x64;C:\Program Files\R\R-4.0.3\library\KernSmooth\libs\x64;C:\Users\TGervais\Documents\R\win-library\4.0\classInt\libs\x64;C:\Users\TGervais\Documents\R\win-library\4.0\units\libs\x64;C:\Users\TGervais\Documents\R\win-library\4.0\sf\libs\x64;C:\Users\TGervais\Documents\R\win-library\4.0\rlang\libs\x64;C:\Users\TGervais\Documents\R\win-library\4.0\vctrs\libs\x64;C:\Users\TGervais\Documents\R\win-library\4.0\glue\libs\x64;C:\Users\TGervais\Documents\R\win-library\4.0\ellipsis\libs\x64;C:\Users\TGervais\Documents\R\win-library\4.0\tibble\libs\x64;C:\Users\TGervais\Documents\R\win-library\4.0\purrr\libs\x64;C:\Users\TGervais\Documents\R\win-library\4.0\dplyr\libs\x64;C:\Users\TGervais\Documents\R\win-library\4.0\geojsonsf\libs\x64;C:\Users\TGervais\Documents\R\win-library\4.0\digest\libs\x64;C:\Users\TGervais\Documents\R\win-library\4.0\htmltools\libs\x64;C:\Users\TGervais\Documents\R\win-library\4.0\rdist\libs\x64;C:\Users\TGervais\Documents\R\win-library\4.0\lwgeom\libs\x64;C:\Program Files\R\R-4.0.3\library\parallel\libs\x64;C:\Users\TGervais\Documents\R\win-library\4.0\XML\libs\x64;C:\Users\TGervais\Documents\R\win-library\4.0\base64enc\libs\x64;C:\Users\TGervais\Documents\R\win-library\4.0\png\libs\x64;C:\Users\TGervais\Documents\R\win-library\4.0\satellite\libs\x64;C:\Users\TGervais\Documents\R\win-library\4.0\colorspace\libs\x64;C:\Users\TGervais\Documents\R\win-library\4.0\data.table\libs\x64;C:\Users\TGervais\Documents\R\win-library\4.0\rJava\libs\x64;C:\Program Files\Java\jdk-11.0.8\bin\server;C:\Users\TGervais\Documents\R\win-library\4.0\RApiSerialize\libs\x64;C:\Users\TGervais\Documents\R\win-library\4.0\RcppParallel\lib\x64;C:\Users\TGervais\Documents\R\win-library\4.0\RcppParallel\libs\x64;C:\Users\TGervais\Documents\R\win-library\4.0\stringfish\libs\x64;C:\Users\TGervais\Documents\R\win-library\4.0\qs\libs\x64;C:\Users\TGervais\Documents\R\win-library\4.0\microbenchmark\libs\x64;C:\Users\TGervais\Documents\R\win-library\4.0\stringi\libs\x64;C:\Users\TGervais\Documents\R\win-library\4.0\profvis\libs\x64;C:\Users\TGervais\Documents\R\win-library\4.0\jsonlite\libs\x64;C:\Users\TGervais\Documents\R\win-library\4.0\lobstr\libs\x64;C:\Users\TGervais\Documents\R\win-library\4.0\lubridate\libs\x64;C:\Users\TGervais\Documents\R\win-library\4.0\tidyr\libs\x64;C:\Users\TGervais\Documents\R\win-library\4.0\backports\libs\x64;C:\Users\TGervais\Documents\R\win-library\4.0\haven\libs\x64;C:\Users\TGervais\Documents\R\win-library\4.0\readr\libs\x64;C:\Users\TGervais\Documents\R\win-library\4.0\readxl\libs\x64;C:\Users\TGervais\Documents\R\win-library\4.0\fs\libs\x64;C:\Users\TGervais\Documents\R\win-library\4.0\xml2\libs\x64;C:\Users\TGervais\Documents\R\win-library\4.0\fansi\libs\x64;C:\Users\TGervais\Documents\R\win-library\4.0\bit\libs\x64;C:\Users\TGervais\Documents\R\win-library\4.0\bit64\libs\x64;C:\Users\TGervais\Documents\R\win-library\4.0\vroom\libs\x64;C:\Program Files\Java\jdk-11.0.8\bin

VM Arguments:
jvm_args: -Dr.arch=/x64 -Xmx48G -Xrs -Xss2m 
java_command: <unknown>
java_class_path (initial): C:/Users/TGervais/Documents/R/win-library/4.0/rJava/java/boot
Launcher Type: generic

[Global flags]
     intx CICompilerCount                          = 12                                        {product} {ergonomic}
     uint ConcGCThreads                            = 3                                         {product} {ergonomic}
     uint G1ConcRefinementThreads                  = 13                                        {product} {ergonomic}
   size_t G1HeapRegionSize                         = 8388608                                   {product} {ergonomic}
    uintx GCDrainStackTargetSize                   = 64                                        {product} {ergonomic}
   size_t InitialHeapSize                          = 1073741824                                {product} {ergonomic}
   size_t MarkStackSize                            = 4194304                                   {product} {ergonomic}
   size_t MaxHeapSize                              = 51539607552                               {product} {command line}
   size_t MinHeapDeltaBytes                        = 8388608                                   {product} {ergonomic}
    uintx NonNMethodCodeHeapSize                   = 7594288                                {pd product} {ergonomic}
    uintx NonProfiledCodeHeapSize                  = 122031976                              {pd product} {ergonomic}
    uintx ProfiledCodeHeapSize                     = 122031976                              {pd product} {ergonomic}
     bool ReduceSignalUsage                        = true                                      {product} {command line}
    uintx ReservedCodeCacheSize                    = 251658240                              {pd product} {ergonomic}
     bool SegmentedCodeCache                       = true                                      {product} {ergonomic}
     intx ThreadStackSize                          = 2048                                   {pd product} {command line}
     bool UseG1GC                                  = true                                      {product} {ergonomic}
     bool UseLargePagesIndividualAllocation        = false                                  {pd product} {ergonomic}

Logging:
Log output configuration:
 #0: stdout all=warning uptime,level,tags
 #1: stderr all=off uptime,level,tags

Environment Variables:
PATH=C:\Program Files\R\R-4.0.3\bin\x64;C:\Program Files\Common Files\Oracle\Java\javapath;C:\Program Files\Microsoft MPI\Bin\;C:\Windows\system32;C:\Windows;C:\Windows\System32\Wbem;C:\Windows\System32\WindowsPowerShell\v1.0\;C:\Windows\System32\OpenSSH\;c:\Julia\bin;C:\Program Files\Git\cmd;C:\Program Files\nodejs\;C:\Program Files (x86)\Yarn\bin\;C:\Program Files\apache-maven-3.6.3\bin;C:\Program Files\dotnet\;C:\Program Files\Docker\Docker\resources\bin;C:\ProgramData\DockerDesktop\version-bin;C:\Users\TGervais\AppData\Local\Microsoft\WindowsApps;C:\Users\TGervais\AppData\Local\GitHubDesktop\bin;
USERNAME=TGervais
OS=Windows_NT
PROCESSOR_IDENTIFIER=Intel64 Family 6 Model 85 Stepping 4, GenuineIntel



---------------  S Y S T E M  ---------------

OS: Windows Server 2019 , 64 bit Build 17763 (10.0.17763.475)
HyperV virtualization detected

CPU:total 16 (initial active 16) (8 cores per cpu, 2 threads per core) family 6 model 85 stepping 4, cmov, cx8, fxsr, mmx, sse, sse2, sse3, ssse3, sse4.1, sse4.2, popcnt, avx, avx2, aes, clmul, erms, rtm, 3dnowpref, lzcnt, ht, tsc, tscinvbit, bmi1, bmi2, adx, fma

Memory: 4k page, system-wide physical 65195M (3209M free)
TotalPageFile size 67243M (AvailPageFile size 674M)
current process WorkingSet (physical memory assigned to process): 376M, peak: 376M
current process commit charge ("private bytes"): 447M, peak: 1471M

vm_info: Java HotSpot(TM) 64-Bit Server VM (11.0.8+10-LTS) for windows-amd64 JRE (11.0.8+10-LTS), built on Jun 16 2020 05:53:08 by "mach5one" with unknown MS VC++:1916

END.
